Log file open, 11/08/20 21:36:16
LogInit: Display: Running engine for game: MariaKarelina
LogPlatformFile: Not using cached read wrapper
LogTaskGraph: Started task graph with 5 named threads and 23 total threads with 3 sets of task threads.
LogStats: Stats thread started at 0.231726
LogD3D11RHI: Loaded GFSDK_Aftermath_Lib.x64.dll
LogICUInternationalization: ICU TimeZone Detection - Raw Offset: +3:00, Platform Override: ''
LogPluginManager: Mounting plugin Paper2D
LogPluginManager: Mounting plugin AISupport
LogPluginManager: Mounting plugin LightPropagationVolume
LogPluginManager: Mounting plugin CameraShakePreviewer
LogPluginManager: Mounting plugin ActorLayerUtilities
LogPluginManager: Mounting plugin AnimationSharing
LogPluginManager: Mounting plugin CLionSourceCodeAccess
LogPluginManager: Mounting plugin CodeLiteSourceCodeAccess
LogPluginManager: Mounting plugin GitSourceControl
LogPluginManager: Mounting plugin KDevelopSourceCodeAccess
LogPluginManager: Mounting plugin NullSourceCodeAccess
LogPluginManager: Mounting plugin PerforceSourceControl
LogPluginManager: Mounting plugin PlasticSourceControl
LogPluginManager: Mounting plugin RiderSourceCodeAccess
LogPluginManager: Mounting plugin SubversionSourceControl
LogPluginManager: Mounting plugin UObjectPlugin
LogPluginManager: Mounting plugin VisualStudioCodeSourceCodeAccess
LogPluginManager: Mounting plugin VisualStudioSourceCodeAccess
LogPluginManager: Mounting plugin XCodeSourceCodeAccess
LogPluginManager: Mounting plugin AssetManagerEditor
LogPluginManager: Mounting plugin CryptoKeys
LogPluginManager: Mounting plugin CurveEditorTools
LogPluginManager: Mounting plugin DataValidation
LogPluginManager: Mounting plugin EditorScriptingUtilities
LogPluginManager: Mounting plugin FacialAnimation
LogPluginManager: Mounting plugin GameplayTagsEditor
LogPluginManager: Mounting plugin GeometryMode
LogPluginManager: Mounting plugin MacGraphicsSwitching
LogPluginManager: Mounting plugin MaterialAnalyzer
LogPluginManager: Mounting plugin MobileLauncherProfileWizard
LogPluginManager: Mounting plugin PluginBrowser
LogPluginManager: Mounting plugin SpeedTreeImporter
LogPluginManager: Mounting plugin DatasmithContent
LogPluginManager: Mounting plugin VariantManagerContent
LogPluginManager: Mounting plugin AlembicImporter
LogPluginManager: Mounting plugin AutomationUtils
LogPluginManager: Mounting plugin BackChannel
LogPluginManager: Mounting plugin ChaosCloth
LogPluginManager: Mounting plugin ChaosClothEditor
LogPluginManager: Mounting plugin ChaosEditor
LogPluginManager: Mounting plugin ChaosNiagara
LogPluginManager: Mounting plugin ChaosSolverPlugin
LogPluginManager: Mounting plugin CharacterAI
LogPluginManager: Mounting plugin GeometryCache
LogPluginManager: Mounting plugin GeometryCollectionPlugin
LogPluginManager: Mounting plugin GeometryProcessing
LogPluginManager: Mounting plugin PlanarCut
LogPluginManager: Mounting plugin PlatformCrypto
LogPluginManager: Mounting plugin ProxyLODPlugin
LogPluginManager: Mounting plugin SkeletalReduction
LogPluginManager: Mounting plugin Niagara
LogPluginManager: Mounting plugin MagicLeap
LogPluginManager: Mounting plugin MagicLeapLightEstimation
LogPluginManager: Mounting plugin MagicLeapMedia
LogPluginManager: Mounting plugin MagicLeapPassableWorld
LogPluginManager: Mounting plugin MLSDK
LogPluginManager: Mounting plugin AndroidMedia
LogPluginManager: Mounting plugin AvfMedia
LogPluginManager: Mounting plugin ImgMedia
LogPluginManager: Mounting plugin MediaCompositing
LogPluginManager: Mounting plugin MediaPlayerEditor
LogPluginManager: Mounting plugin WebMMedia
LogPluginManager: Mounting plugin WmfMedia
LogPluginManager: Mounting plugin MeshPainting
LogPluginManager: Mounting plugin TcpMessaging
LogPluginManager: Mounting plugin UdpMessaging
LogPluginManager: Mounting plugin ActorSequence
LogPluginManager: Mounting plugin LevelSequenceEditor
LogPluginManager: Mounting plugin MatineeToLevelSequence
LogPluginManager: Mounting plugin MovieRenderPipeline
LogPluginManager: Mounting plugin TemplateSequence
LogPluginManager: Mounting plugin NetcodeUnitTest
LogPluginManager: Mounting plugin NUTUnrealEngine4
LogPluginManager: Mounting plugin OnlineSubsystemGooglePlay
LogPluginManager: Mounting plugin OnlineSubsystemIOS
LogPluginManager: Mounting plugin OnlineSubsystem
LogPluginManager: Mounting plugin OnlineSubsystemNull
LogPluginManager: Mounting plugin OnlineSubsystemUtils
LogPluginManager: Mounting plugin LauncherChunkInstaller
LogPluginManager: Mounting plugin AndroidDeviceProfileSelector
LogPluginManager: Mounting plugin AndroidMoviePlayer
LogPluginManager: Mounting plugin AndroidPermission
LogPluginManager: Mounting plugin AppleImageUtils
LogPluginManager: Mounting plugin AppleMoviePlayer
LogPluginManager: Mounting plugin ArchVisCharacter
LogPluginManager: Mounting plugin AssetTags
LogPluginManager: Mounting plugin AudioCapture
LogPluginManager: Mounting plugin CableComponent
LogPluginManager: Mounting plugin CustomMeshComponent
LogPluginManager: Mounting plugin EditableMesh
LogPluginManager: Mounting plugin ExampleDeviceProfileSelector
LogPluginManager: Mounting plugin GoogleCloudMessaging
LogPluginManager: Mounting plugin GooglePAD
LogPluginManager: Mounting plugin IOSDeviceProfileSelector
LogPluginManager: Mounting plugin LinuxDeviceProfileSelector
LogPluginManager: Mounting plugin LocationServicesBPLibrary
LogPluginManager: Mounting plugin MobilePatchingUtils
LogPluginManager: Mounting plugin OculusVR
LogPluginManager: Mounting plugin PhysXVehicles
LogPluginManager: Mounting plugin PostSplashScreen
LogPluginManager: Mounting plugin ProceduralMeshComponent
LogPluginManager: Mounting plugin RuntimePhysXCooking
LogPluginManager: Mounting plugin SignificanceManager
LogPluginManager: Mounting plugin SoundFields
LogPluginManager: Mounting plugin SteamVR
LogPluginManager: Mounting plugin Synthesis
LogPluginManager: Mounting plugin WebMMoviePlayer
LogPluginManager: Mounting plugin WindowsMoviePlayer
LogPluginManager: Mounting plugin ScreenshotTools
LogInit: Using libcurl 7.55.1-DEV
LogInit:  - built for x86_64-pc-win32
LogInit:  - supports SSL with OpenSSL/1.1.1
LogInit:  - supports HTTP deflate (compression) using libz 1.2.8
LogInit:  - other features:
LogInit:      CURL_VERSION_SSL
LogInit:      CURL_VERSION_LIBZ
LogInit:      CURL_VERSION_IPV6
LogInit:      CURL_VERSION_ASYNCHDNS
LogInit:      CURL_VERSION_LARGEFILE
LogInit:      CURL_VERSION_IDN
LogInit:  CurlRequestOptions (configurable via config and command line):
LogInit:  - bVerifyPeer = true  - Libcurl will verify peer certificate
LogInit:  - bUseHttpProxy = false  - Libcurl will NOT use HTTP proxy
LogInit:  - bDontReuseConnections = false  - Libcurl will reuse connections
LogInit:  - MaxHostConnections = 16  - Libcurl will limit the number of connections to a host
LogInit:  - LocalHostAddr = Default
LogInit:  - BufferSize = 65536
LogOnline: OSS: Creating online subsystem instance for: NULL
LogInit: WinSock: version 1.1 (2.2), MaxSocks=32767, MaxUdp=65467
LogOnline: OSS: TryLoadSubsystemAndSetDefault: Loaded subsystem for module [NULL]
LogInit: Build: ++UE4+Release-4.25-CL-13942748
LogInit: Engine Version: 4.25.3-13942748+++UE4+Release-4.25
LogInit: Compatible Engine Version: 4.25.0-13144385+++UE4+Release-4.25
LogInit: Net CL: 13144385
LogInit: OS: Windows 10 (Release 1909) (), CPU: Intel(R) Core(TM) i5-9300H CPU @ 2.40GHz, GPU: Intel(R) UHD Graphics 630
LogInit: Compiled (64-bit): Jul 25 2020 02:07:48
LogInit: Compiled with Visual C++: 19.24.28315.00
LogInit: Build Configuration: Development
LogInit: Branch Name: ++UE4+Release-4.25
LogInit: Command Line: 
LogInit: Base Directory: D:/Game/UE_4.25/Engine/Binaries/Win64/
LogInit: Allocator: TBB
LogInit: Installed Engine Build: 1
LogDevObjectVersion: Number of dev versions registered: 26
LogDevObjectVersion:   Dev-Blueprints (B0D832E4-1F89-4F0D-ACCF-7EB736FD4AA2): 10
LogDevObjectVersion:   Dev-Build (E1C64328-A22C-4D53-A36C-8E866417BD8C): 0
LogDevObjectVersion:   Dev-Core (375EC13C-06E4-48FB-B500-84F0262A717E): 4
LogDevObjectVersion:   Dev-Editor (E4B068ED-F494-42E9-A231-DA0B2E46BB41): 38
LogDevObjectVersion:   Dev-Framework (CFFC743F-43B0-4480-9391-14DF171D2073): 37
LogDevObjectVersion:   Dev-Mobile (B02B49B5-BB20-44E9-A304-32B752E40360): 2
LogDevObjectVersion:   Dev-Networking (A4E4105C-59A1-49B5-A7C5-40C4547EDFEE): 0
LogDevObjectVersion:   Dev-Online (39C831C9-5AE6-47DC-9A44-9C173E1C8E7C): 0
LogDevObjectVersion:   Dev-Physics (78F01B33-EBEA-4F98-B9B4-84EACCB95AA2): 4
LogDevObjectVersion:   Dev-Platform (6631380F-2D4D-43E0-8009-CF276956A95A): 0
LogDevObjectVersion:   Dev-Rendering (12F88B9F-8875-4AFC-A67C-D90C383ABD29): 43
LogDevObjectVersion:   Dev-Sequencer (7B5AE74C-D270-4C10-A958-57980B212A5A): 12
LogDevObjectVersion:   Dev-VR (D7296918-1DD6-4BDD-9DE2-64A83CC13884): 3
LogDevObjectVersion:   Dev-LoadTimes (C2A15278-BFE7-4AFE-6C17-90FF531DF755): 1
LogDevObjectVersion:   Private-Geometry (6EACA3D4-40EC-4CC1-B786-8BED09428FC5): 3
LogDevObjectVersion:   Dev-AnimPhys (29E575DD-E0A3-4627-9D10-D276232CDCEA): 17
LogDevObjectVersion:   Dev-Anim (AF43A65D-7FD3-4947-9873-3E8ED9C1BB05): 7
LogDevObjectVersion:   Dev-ReflectionCapture (6B266CEC-1EC7-4B8F-A30B-E4D90942FC07): 1
LogDevObjectVersion:   Dev-Automation (0DF73D61-A23F-47EA-B727-89E90C41499A): 1
LogDevObjectVersion:   FortniteMain (601D1886-AC64-4F84-AA16-D3DE0DEAC7D6): 31
LogDevObjectVersion:   Dev-Enterprise (9DFFBCD6-494F-0158-E221-12823C92A888): 10
LogDevObjectVersion:   Dev-Niagara (F2AED0AC-9AFE-416F-8664-AA7FFA26D6FC): 1
LogDevObjectVersion:   Dev-Destruction (174F1F0B-B4C6-45A5-B13F-2EE8D0FB917D): 10
LogDevObjectVersion:   Dev-Physics-Ext (35F94A83-E258-406C-A318-09F59610247C): 37
LogDevObjectVersion:   Dev-PhysicsMaterial-Chaos (B68FC16E-8B1B-42E2-B453-215C058844FE): 1
LogDevObjectVersion:   Dev-CineCamera (B2E18506-4273-CFC2-A54E-F4BB758BBA07): 1
LogInit: Presizing for max 25165824 objects, including 0 objects not considered by GC, pre-allocating 0 bytes for permanent pool.
LogConfig: Applying CVar settings from Section [/Script/Engine.StreamingSettings] File [D:/UE Projects/MariaKarelina/Saved/Config/Windows/Engine.ini]
LogConfig: Setting CVar [[s.MinBulkDataSizeForAsyncLoading:131072]]
LogConfig: Setting CVar [[s.AsyncLoadingThreadEnabled:0]]
LogConfig: Setting CVar [[s.EventDrivenLoaderEnabled:1]]
LogConfig: Setting CVar [[s.WarnIfTimeLimitExceeded:0]]
LogConfig: Setting CVar [[s.TimeLimitExceededMultiplier:1.5]]
LogConfig: Setting CVar [[s.TimeLimitExceededMinTime:0.005]]
LogConfig: Setting CVar [[s.UseBackgroundLevelStreaming:1]]
LogConfig: Setting CVar [[s.PriorityAsyncLoadingExtraTime:15.0]]
LogConfig: Setting CVar [[s.LevelStreamingActorsUpdateTimeLimit:5.0]]
LogConfig: Setting CVar [[s.PriorityLevelStreamingActorsUpdateExtraTime:5.0]]
LogConfig: Setting CVar [[s.LevelStreamingComponentsRegistrationGranularity:10]]
LogConfig: Setting CVar [[s.UnregisterComponentsTimeLimit:1.0]]
LogConfig: Setting CVar [[s.LevelStreamingComponentsUnregistrationGranularity:5]]
LogConfig: Setting CVar [[s.FlushStreamingOnExit:1]]
LogInit: Object subsystem initialized
LogConfig: Setting CVar [[con.DebugEarlyDefault:1]]
LogConfig: Setting CVar [[r.setres:1280x720]]
[2020.11.08-18.36.17:241][  0]LogConfig: Setting CVar [[r.VSync:0]]
[2020.11.08-18.36.17:241][  0]LogConfig: Setting CVar [[r.RHICmdBypass:0]]
[2020.11.08-18.36.17:241][  0]LogConfig: Applying CVar settings from Section [/Script/Engine.RendererSettings] File [D:/UE Projects/MariaKarelina/Saved/Config/Windows/Engine.ini]
[2020.11.08-18.36.17:241][  0]LogConfig: Setting CVar [[r.GPUCrashDebugging:0]]
[2020.11.08-18.36.17:241][  0]LogConfig: Applying CVar settings from Section [/Script/Engine.RendererOverrideSettings] File [D:/UE Projects/MariaKarelina/Saved/Config/Windows/Engine.ini]
[2020.11.08-18.36.17:241][  0]LogConfig: Applying CVar settings from Section [/Script/Engine.StreamingSettings] File [D:/UE Projects/MariaKarelina/Saved/Config/Windows/Engine.ini]
[2020.11.08-18.36.17:241][  0]LogConfig: Setting CVar [[s.MinBulkDataSizeForAsyncLoading:131072]]
[2020.11.08-18.36.17:241][  0]LogConfig: Setting CVar [[s.AsyncLoadingThreadEnabled:0]]
[2020.11.08-18.36.17:241][  0]LogConfig: Setting CVar [[s.EventDrivenLoaderEnabled:1]]
[2020.11.08-18.36.17:241][  0]LogConfig: Setting CVar [[s.WarnIfTimeLimitExceeded:0]]
[2020.11.08-18.36.17:241][  0]LogConfig: Setting CVar [[s.TimeLimitExceededMultiplier:1.5]]
[2020.11.08-18.36.17:241][  0]LogConfig: Setting CVar [[s.TimeLimitExceededMinTime:0.005]]
[2020.11.08-18.36.17:241][  0]LogConfig: Setting CVar [[s.UseBackgroundLevelStreaming:1]]
[2020.11.08-18.36.17:241][  0]LogConfig: Setting CVar [[s.PriorityAsyncLoadingExtraTime:15.0]]
[2020.11.08-18.36.17:241][  0]LogConfig: Setting CVar [[s.LevelStreamingActorsUpdateTimeLimit:5.0]]
[2020.11.08-18.36.17:241][  0]LogConfig: Setting CVar [[s.PriorityLevelStreamingActorsUpdateExtraTime:5.0]]
[2020.11.08-18.36.17:241][  0]LogConfig: Setting CVar [[s.LevelStreamingComponentsRegistrationGranularity:10]]
[2020.11.08-18.36.17:241][  0]LogConfig: Setting CVar [[s.UnregisterComponentsTimeLimit:1.0]]
[2020.11.08-18.36.17:241][  0]LogConfig: Setting CVar [[s.LevelStreamingComponentsUnregistrationGranularity:5]]
[2020.11.08-18.36.17:241][  0]LogConfig: Setting CVar [[s.FlushStreamingOnExit:1]]
[2020.11.08-18.36.17:241][  0]LogConfig: Applying CVar settings from Section [/Script/Engine.GarbageCollectionSettings] File [D:/UE Projects/MariaKarelina/Saved/Config/Windows/Engine.ini]
[2020.11.08-18.36.17:241][  0]LogConfig: Setting CVar [[gc.MaxObjectsNotConsideredByGC:1]]
[2020.11.08-18.36.17:241][  0]LogConfig: Setting CVar [[gc.SizeOfPermanentObjectPool:0]]
[2020.11.08-18.36.17:241][  0]LogConfig: Setting CVar [[gc.FlushStreamingOnGC:0]]
[2020.11.08-18.36.17:242][  0]LogConfig: Setting CVar [[gc.NumRetriesBeforeForcingGC:10]]
[2020.11.08-18.36.17:242][  0]LogConfig: Setting CVar [[gc.AllowParallelGC:1]]
[2020.11.08-18.36.17:242][  0]LogConfig: Setting CVar [[gc.TimeBetweenPurgingPendingKillObjects:61.1]]
[2020.11.08-18.36.17:242][  0]LogConfig: Setting CVar [[gc.MaxObjectsInEditor:25165824]]
[2020.11.08-18.36.17:242][  0]LogConfig: Setting CVar [[gc.IncrementalBeginDestroyEnabled:1]]
[2020.11.08-18.36.17:242][  0]LogConfig: Setting CVar [[gc.CreateGCClusters:1]]
[2020.11.08-18.36.17:242][  0]LogConfig: Setting CVar [[gc.MinGCClusterSize:5]]
[2020.11.08-18.36.17:242][  0]LogConfig: Setting CVar [[gc.ActorClusteringEnabled:0]]
[2020.11.08-18.36.17:242][  0]LogConfig: Setting CVar [[gc.BlueprintClusteringEnabled:0]]
[2020.11.08-18.36.17:242][  0]LogConfig: Setting CVar [[gc.UseDisregardForGCOnDedicatedServers:0]]
[2020.11.08-18.36.17:242][  0]LogConfig: Applying CVar settings from Section [/Script/Engine.NetworkSettings] File [D:/UE Projects/MariaKarelina/Saved/Config/Windows/Engine.ini]
[2020.11.08-18.36.17:242][  0]LogConfig: Applying CVar settings from Section [/Script/UnrealEd.CookerSettings] File [D:/UE Projects/MariaKarelina/Saved/Config/Windows/Engine.ini]
[2020.11.08-18.36.17:246][  0]LogConfig: Applying CVar settings from Section [ViewDistanceQuality@3] File [D:/UE Projects/MariaKarelina/Saved/Config/Windows/Scalability.ini]
[2020.11.08-18.36.17:246][  0]LogConfig: Setting CVar [[r.SkeletalMeshLODBias:0]]
[2020.11.08-18.36.17:246][  0]LogConfig: Setting CVar [[r.ViewDistanceScale:1.0]]
[2020.11.08-18.36.17:246][  0]LogConfig: Applying CVar settings from Section [AntiAliasingQuality@3] File [D:/UE Projects/MariaKarelina/Saved/Config/Windows/Scalability.ini]
[2020.11.08-18.36.17:246][  0]LogConfig: Setting CVar [[r.PostProcessAAQuality:4]]
[2020.11.08-18.36.17:246][  0]LogConfig: Applying CVar settings from Section [ShadowQuality@3] File [D:/UE Projects/MariaKarelina/Saved/Config/Windows/Scalability.ini]
[2020.11.08-18.36.17:246][  0]LogConfig: Setting CVar [[r.LightFunctionQuality:1]]
[2020.11.08-18.36.17:246][  0]LogConfig: Setting CVar [[r.ShadowQuality:5]]
[2020.11.08-18.36.17:246][  0]LogConfig: Setting CVar [[r.Shadow.CSM.MaxCascades:10]]
[2020.11.08-18.36.17:246][  0]LogConfig: Setting CVar [[r.Shadow.MaxResolution:2048]]
[2020.11.08-18.36.17:246][  0]LogConfig: Setting CVar [[r.Shadow.MaxCSMResolution:2048]]
[2020.11.08-18.36.17:246][  0]LogConfig: Setting CVar [[r.Shadow.RadiusThreshold:0.01]]
[2020.11.08-18.36.17:246][  0]LogConfig: Setting CVar [[r.Shadow.DistanceScale:1.0]]
[2020.11.08-18.36.17:246][  0]LogConfig: Setting CVar [[r.Shadow.CSM.TransitionScale:1.0]]
[2020.11.08-18.36.17:246][  0]LogConfig: Setting CVar [[r.Shadow.PreShadowResolutionFactor:1.0]]
[2020.11.08-18.36.17:246][  0]LogConfig: Setting CVar [[r.DistanceFieldShadowing:1]]
[2020.11.08-18.36.17:246][  0]LogConfig: Setting CVar [[r.DistanceFieldAO:1]]
[2020.11.08-18.36.17:246][  0]LogConfig: Setting CVar [[r.AOQuality:2]]
[2020.11.08-18.36.17:246][  0]LogConfig: Setting CVar [[r.VolumetricFog:1]]
[2020.11.08-18.36.17:246][  0]LogConfig: Setting CVar [[r.VolumetricFog.GridPixelSize:8]]
[2020.11.08-18.36.17:246][  0]LogConfig: Setting CVar [[r.VolumetricFog.GridSizeZ:128]]
[2020.11.08-18.36.17:246][  0]LogConfig: Setting CVar [[r.VolumetricFog.HistoryMissSupersampleCount:4]]
[2020.11.08-18.36.17:246][  0]LogConfig: Setting CVar [[r.LightMaxDrawDistanceScale:1]]
[2020.11.08-18.36.17:246][  0]LogConfig: Setting CVar [[r.CapsuleShadows:1]]
[2020.11.08-18.36.17:246][  0]LogConfig: Applying CVar settings from Section [PostProcessQuality@3] File [D:/UE Projects/MariaKarelina/Saved/Config/Windows/Scalability.ini]
[2020.11.08-18.36.17:246][  0]LogConfig: Setting CVar [[r.MotionBlurQuality:4]]
[2020.11.08-18.36.17:246][  0]LogConfig: Setting CVar [[r.AmbientOcclusionMipLevelFactor:0.4]]
[2020.11.08-18.36.17:246][  0]LogConfig: Setting CVar [[r.AmbientOcclusionMaxQuality:100]]
[2020.11.08-18.36.17:246][  0]LogConfig: Setting CVar [[r.AmbientOcclusionLevels:-1]]
[2020.11.08-18.36.17:246][  0]LogConfig: Setting CVar [[r.AmbientOcclusionRadiusScale:1.0]]
[2020.11.08-18.36.17:246][  0]LogConfig: Setting CVar [[r.DepthOfFieldQuality:2]]
[2020.11.08-18.36.17:246][  0]LogConfig: Setting CVar [[r.RenderTargetPoolMin:400]]
[2020.11.08-18.36.17:246][  0]LogConfig: Setting CVar [[r.LensFlareQuality:2]]
[2020.11.08-18.36.17:246][  0]LogConfig: Setting CVar [[r.SceneColorFringeQuality:1]]
[2020.11.08-18.36.17:246][  0]LogConfig: Setting CVar [[r.EyeAdaptationQuality:2]]
[2020.11.08-18.36.17:246][  0]LogConfig: Setting CVar [[r.BloomQuality:5]]
[2020.11.08-18.36.17:246][  0]LogConfig: Setting CVar [[r.FastBlurThreshold:100]]
[2020.11.08-18.36.17:247][  0]LogConfig: Setting CVar [[r.Upscale.Quality:3]]
[2020.11.08-18.36.17:247][  0]LogConfig: Setting CVar [[r.Tonemapper.GrainQuantization:1]]
[2020.11.08-18.36.17:247][  0]LogConfig: Setting CVar [[r.LightShaftQuality:1]]
[2020.11.08-18.36.17:247][  0]LogConfig: Setting CVar [[r.Filter.SizeScale:1]]
[2020.11.08-18.36.17:247][  0]LogConfig: Setting CVar [[r.Tonemapper.Quality:5]]
[2020.11.08-18.36.17:247][  0]LogConfig: Setting CVar [[r.DOF.Gather.AccumulatorQuality:1        ; higher gathering accumulator quality]]
[2020.11.08-18.36.17:247][  0]LogConfig: Setting CVar [[r.DOF.Gather.PostfilterMethod:1          ; Median3x3 postfilering method]]
[2020.11.08-18.36.17:247][  0]LogConfig: Setting CVar [[r.DOF.Gather.EnableBokehSettings:0       ; no bokeh simulation when gathering]]
[2020.11.08-18.36.17:247][  0]LogConfig: Setting CVar [[r.DOF.Gather.RingCount:4                 ; medium number of samples when gathering]]
[2020.11.08-18.36.17:247][  0]LogConfig: Setting CVar [[r.DOF.Scatter.ForegroundCompositing:1    ; additive foreground scattering]]
[2020.11.08-18.36.17:247][  0]LogConfig: Setting CVar [[r.DOF.Scatter.BackgroundCompositing:2    ; additive background scattering]]
[2020.11.08-18.36.17:247][  0]LogConfig: Setting CVar [[r.DOF.Scatter.EnableBokehSettings:1      ; bokeh simulation when scattering]]
[2020.11.08-18.36.17:247][  0]LogConfig: Setting CVar [[r.DOF.Scatter.MaxSpriteRatio:0.1         ; only a maximum of 10% of scattered bokeh]]
[2020.11.08-18.36.17:247][  0]LogConfig: Setting CVar [[r.DOF.Recombine.Quality:1                ; cheap slight out of focus]]
[2020.11.08-18.36.17:247][  0]LogConfig: Setting CVar [[r.DOF.Recombine.EnableBokehSettings:0    ; no bokeh simulation on slight out of focus]]
[2020.11.08-18.36.17:247][  0]LogConfig: Setting CVar [[r.DOF.TemporalAAQuality:1                ; more stable temporal accumulation]]
[2020.11.08-18.36.17:247][  0]LogConfig: Setting CVar [[r.DOF.Kernel.MaxForegroundRadius:0.025]]
[2020.11.08-18.36.17:247][  0]LogConfig: Setting CVar [[r.DOF.Kernel.MaxBackgroundRadius:0.025]]
[2020.11.08-18.36.17:247][  0]LogConfig: Applying CVar settings from Section [TextureQuality@3] File [D:/UE Projects/MariaKarelina/Saved/Config/Windows/Scalability.ini]
[2020.11.08-18.36.17:247][  0]LogConfig: Setting CVar [[r.Streaming.MipBias:0]]
[2020.11.08-18.36.17:247][  0]LogConfig: Setting CVar [[r.Streaming.AmortizeCPUToGPUCopy:0]]
[2020.11.08-18.36.17:247][  0]LogConfig: Setting CVar [[r.Streaming.MaxNumTexturesToStreamPerFrame:0]]
[2020.11.08-18.36.17:247][  0]LogConfig: Setting CVar [[r.Streaming.Boost:1]]
[2020.11.08-18.36.17:247][  0]LogConfig: Setting CVar [[r.MaxAnisotropy:8]]
[2020.11.08-18.36.17:247][  0]LogConfig: Setting CVar [[r.VT.MaxAnisotropy:8]]
[2020.11.08-18.36.17:247][  0]LogConfig: Setting CVar [[r.Streaming.LimitPoolSizeToVRAM:0]]
[2020.11.08-18.36.17:247][  0]LogConfig: Setting CVar [[r.Streaming.PoolSize:1000]]
[2020.11.08-18.36.17:247][  0]LogConfig: Setting CVar [[r.Streaming.MaxEffectiveScreenSize:0]]
[2020.11.08-18.36.17:247][  0]LogConfig: Applying CVar settings from Section [EffectsQuality@3] File [D:/UE Projects/MariaKarelina/Saved/Config/Windows/Scalability.ini]
[2020.11.08-18.36.17:247][  0]LogConfig: Setting CVar [[r.TranslucencyLightingVolumeDim:64]]
[2020.11.08-18.36.17:247][  0]LogConfig: Setting CVar [[r.RefractionQuality:2]]
[2020.11.08-18.36.17:247][  0]LogConfig: Setting CVar [[r.SSR.Quality:3]]
[2020.11.08-18.36.17:247][  0]LogConfig: Setting CVar [[r.SSR.HalfResSceneColor:0]]
[2020.11.08-18.36.17:247][  0]LogConfig: Setting CVar [[r.SceneColorFormat:4]]
[2020.11.08-18.36.17:247][  0]LogConfig: Setting CVar [[r.DetailMode:2]]
[2020.11.08-18.36.17:247][  0]LogConfig: Setting CVar [[r.TranslucencyVolumeBlur:1]]
[2020.11.08-18.36.17:247][  0]LogConfig: Setting CVar [[r.MaterialQualityLevel:1 ; High quality]]
[2020.11.08-18.36.17:248][  0]LogConfig: Setting CVar [[r.SSS.Scale:1]]
[2020.11.08-18.36.17:248][  0]LogConfig: Setting CVar [[r.SSS.SampleSet:2]]
[2020.11.08-18.36.17:248][  0]LogConfig: Setting CVar [[r.SSS.Quality:1]]
[2020.11.08-18.36.17:248][  0]LogConfig: Setting CVar [[r.SSS.HalfRes:0]]
[2020.11.08-18.36.17:248][  0]LogConfig: Setting CVar [[r.SSGI.Quality:3]]
[2020.11.08-18.36.17:248][  0]LogConfig: Setting CVar [[r.EmitterSpawnRateScale:1.0]]
[2020.11.08-18.36.17:248][  0]LogConfig: Setting CVar [[r.ParticleLightQuality:2]]
[2020.11.08-18.36.17:248][  0]LogConfig: Setting CVar [[r.SkyAtmosphere.AerialPerspectiveLUT.FastApplyOnOpaque:1 ; Always have FastSkyLUT 1 in this case to avoid wrong sky]]
[2020.11.08-18.36.17:248][  0]LogConfig: Setting CVar [[r.SkyAtmosphere.AerialPerspectiveLUT.SampleCountPerSlice:1]]
[2020.11.08-18.36.17:248][  0]LogConfig: Setting CVar [[r.SkyAtmosphere.AerialPerspectiveLUT.DepthResolution:16.0]]
[2020.11.08-18.36.17:248][  0]LogConfig: Setting CVar [[r.SkyAtmosphere.FastSkyLUT:1]]
[2020.11.08-18.36.17:248][  0]LogConfig: Setting CVar [[r.SkyAtmosphere.FastSkyLUT.SampleCountMin:4.0]]
[2020.11.08-18.36.17:248][  0]LogConfig: Setting CVar [[r.SkyAtmosphere.FastSkyLUT.SampleCountMax:32.0]]
[2020.11.08-18.36.17:248][  0]LogConfig: Setting CVar [[r.SkyAtmosphere.SampleCountMin:4.0]]
[2020.11.08-18.36.17:248][  0]LogConfig: Setting CVar [[r.SkyAtmosphere.SampleCountMax:32.0]]
[2020.11.08-18.36.17:248][  0]LogConfig: Setting CVar [[r.SkyAtmosphere.TransmittanceLUT.UseSmallFormat:0]]
[2020.11.08-18.36.17:248][  0]LogConfig: Setting CVar [[r.SkyAtmosphere.TransmittanceLUT.SampleCount:10.0]]
[2020.11.08-18.36.17:248][  0]LogConfig: Setting CVar [[r.SkyAtmosphere.MultiScatteringLUT.SampleCount:15.0]]
[2020.11.08-18.36.17:248][  0]LogConfig: Applying CVar settings from Section [FoliageQuality@3] File [D:/UE Projects/MariaKarelina/Saved/Config/Windows/Scalability.ini]
[2020.11.08-18.36.17:248][  0]LogConfig: Setting CVar [[foliage.DensityScale:1.0]]
[2020.11.08-18.36.17:248][  0]LogConfig: Setting CVar [[grass.DensityScale:1.0]]
[2020.11.08-18.36.17:248][  0]LogConfig: Applying CVar settings from Section [ShadingQuality@3] File [D:/UE Projects/MariaKarelina/Saved/Config/Windows/Scalability.ini]
[2020.11.08-18.36.17:248][  0]LogConfig: Setting CVar [[r.HairStrands.SkyLighting.SampleCount:16]]
[2020.11.08-18.36.17:248][  0]LogConfig: Setting CVar [[r.HairStrands.SkyLighting.JitterIntegration:0]]
[2020.11.08-18.36.17:248][  0]LogConfig: Setting CVar [[r.HairStrands.SkyAO.SampleCount:16]]
[2020.11.08-18.36.17:248][  0]LogConfig: Setting CVar [[r.HairStrands.DeepShadow.SuperSampling:0]]
[2020.11.08-18.36.17:248][  0]LogConfig: Setting CVar [[r.HairStrands.VisibilityPPLL:0]]
[2020.11.08-18.36.17:248][  0]LogConfig: Setting CVar [[r.HairStrands.RasterizationScale:0.5]]
[2020.11.08-18.36.17:248][  0]LogConfig: Setting CVar [[r.HairStrands.VelocityRasterizationScale:1]]
[2020.11.08-18.36.17:248][  0]LogInit: Selected Device Profile: [Windows]
[2020.11.08-18.36.17:248][  0]LogInit: Applying CVar settings loaded from the selected device profile: [Windows]
[2020.11.08-18.36.17:248][  0]LogHAL: Display: Platform has ~ 16 GB [17019838464 / 17179869184 / 16], which maps to Larger [LargestMinGB=32, LargerMinGB=12, DefaultMinGB=8, SmallerMinGB=6, SmallestMinGB=0)
[2020.11.08-18.36.17:248][  0]LogInit: Going up to parent DeviceProfile []
[2020.11.08-18.36.17:249][  0]LogConfig: Applying CVar settings from Section [ViewDistanceQuality@3] File [D:/UE Projects/MariaKarelina/Saved/Config/Windows/Scalability.ini]
[2020.11.08-18.36.17:249][  0]LogConfig: Setting CVar [[r.SkeletalMeshLODBias:0]]
[2020.11.08-18.36.17:249][  0]LogConfig: Setting CVar [[r.ViewDistanceScale:1.0]]
[2020.11.08-18.36.17:249][  0]LogConfig: Applying CVar settings from Section [AntiAliasingQuality@3] File [D:/UE Projects/MariaKarelina/Saved/Config/Windows/Scalability.ini]
[2020.11.08-18.36.17:249][  0]LogConfig: Setting CVar [[r.PostProcessAAQuality:4]]
[2020.11.08-18.36.17:249][  0]LogConfig: Applying CVar settings from Section [ShadowQuality@3] File [D:/UE Projects/MariaKarelina/Saved/Config/Windows/Scalability.ini]
[2020.11.08-18.36.17:249][  0]LogConfig: Setting CVar [[r.LightFunctionQuality:1]]
[2020.11.08-18.36.17:249][  0]LogConfig: Setting CVar [[r.ShadowQuality:5]]
[2020.11.08-18.36.17:249][  0]LogConfig: Setting CVar [[r.Shadow.CSM.MaxCascades:10]]
[2020.11.08-18.36.17:249][  0]LogConfig: Setting CVar [[r.Shadow.MaxResolution:2048]]
[2020.11.08-18.36.17:249][  0]LogConfig: Setting CVar [[r.Shadow.MaxCSMResolution:2048]]
[2020.11.08-18.36.17:249][  0]LogConfig: Setting CVar [[r.Shadow.RadiusThreshold:0.01]]
[2020.11.08-18.36.17:249][  0]LogConfig: Setting CVar [[r.Shadow.DistanceScale:1.0]]
[2020.11.08-18.36.17:249][  0]LogConfig: Setting CVar [[r.Shadow.CSM.TransitionScale:1.0]]
[2020.11.08-18.36.17:249][  0]LogConfig: Setting CVar [[r.Shadow.PreShadowResolutionFactor:1.0]]
[2020.11.08-18.36.17:249][  0]LogConfig: Setting CVar [[r.DistanceFieldShadowing:1]]
[2020.11.08-18.36.17:249][  0]LogConfig: Setting CVar [[r.DistanceFieldAO:1]]
[2020.11.08-18.36.17:249][  0]LogConfig: Setting CVar [[r.AOQuality:2]]
[2020.11.08-18.36.17:249][  0]LogConfig: Setting CVar [[r.VolumetricFog:1]]
[2020.11.08-18.36.17:249][  0]LogConfig: Setting CVar [[r.VolumetricFog.GridPixelSize:8]]
[2020.11.08-18.36.17:249][  0]LogConfig: Setting CVar [[r.VolumetricFog.GridSizeZ:128]]
[2020.11.08-18.36.17:249][  0]LogConfig: Setting CVar [[r.VolumetricFog.HistoryMissSupersampleCount:4]]
[2020.11.08-18.36.17:249][  0]LogConfig: Setting CVar [[r.LightMaxDrawDistanceScale:1]]
[2020.11.08-18.36.17:249][  0]LogConfig: Setting CVar [[r.CapsuleShadows:1]]
[2020.11.08-18.36.17:249][  0]LogConfig: Applying CVar settings from Section [PostProcessQuality@3] File [D:/UE Projects/MariaKarelina/Saved/Config/Windows/Scalability.ini]
[2020.11.08-18.36.17:249][  0]LogConfig: Setting CVar [[r.MotionBlurQuality:4]]
[2020.11.08-18.36.17:249][  0]LogConfig: Setting CVar [[r.AmbientOcclusionMipLevelFactor:0.4]]
[2020.11.08-18.36.17:249][  0]LogConfig: Setting CVar [[r.AmbientOcclusionMaxQuality:100]]
[2020.11.08-18.36.17:249][  0]LogConfig: Setting CVar [[r.AmbientOcclusionLevels:-1]]
[2020.11.08-18.36.17:249][  0]LogConfig: Setting CVar [[r.AmbientOcclusionRadiusScale:1.0]]
[2020.11.08-18.36.17:249][  0]LogConfig: Setting CVar [[r.DepthOfFieldQuality:2]]
[2020.11.08-18.36.17:249][  0]LogConfig: Setting CVar [[r.RenderTargetPoolMin:400]]
[2020.11.08-18.36.17:249][  0]LogConfig: Setting CVar [[r.LensFlareQuality:2]]
[2020.11.08-18.36.17:249][  0]LogConfig: Setting CVar [[r.SceneColorFringeQuality:1]]
[2020.11.08-18.36.17:249][  0]LogConfig: Setting CVar [[r.EyeAdaptationQuality:2]]
[2020.11.08-18.36.17:249][  0]LogConfig: Setting CVar [[r.BloomQuality:5]]
[2020.11.08-18.36.17:249][  0]LogConfig: Setting CVar [[r.FastBlurThreshold:100]]
[2020.11.08-18.36.17:249][  0]LogConfig: Setting CVar [[r.Upscale.Quality:3]]
[2020.11.08-18.36.17:250][  0]LogConfig: Setting CVar [[r.Tonemapper.GrainQuantization:1]]
[2020.11.08-18.36.17:250][  0]LogConfig: Setting CVar [[r.LightShaftQuality:1]]
[2020.11.08-18.36.17:250][  0]LogConfig: Setting CVar [[r.Filter.SizeScale:1]]
[2020.11.08-18.36.17:250][  0]LogConfig: Setting CVar [[r.Tonemapper.Quality:5]]
[2020.11.08-18.36.17:250][  0]LogConfig: Setting CVar [[r.DOF.Gather.AccumulatorQuality:1        ; higher gathering accumulator quality]]
[2020.11.08-18.36.17:250][  0]LogConfig: Setting CVar [[r.DOF.Gather.PostfilterMethod:1          ; Median3x3 postfilering method]]
[2020.11.08-18.36.17:250][  0]LogConfig: Setting CVar [[r.DOF.Gather.EnableBokehSettings:0       ; no bokeh simulation when gathering]]
[2020.11.08-18.36.17:250][  0]LogConfig: Setting CVar [[r.DOF.Gather.RingCount:4                 ; medium number of samples when gathering]]
[2020.11.08-18.36.17:250][  0]LogConfig: Setting CVar [[r.DOF.Scatter.ForegroundCompositing:1    ; additive foreground scattering]]
[2020.11.08-18.36.17:250][  0]LogConfig: Setting CVar [[r.DOF.Scatter.BackgroundCompositing:2    ; additive background scattering]]
[2020.11.08-18.36.17:250][  0]LogConfig: Setting CVar [[r.DOF.Scatter.EnableBokehSettings:1      ; bokeh simulation when scattering]]
[2020.11.08-18.36.17:250][  0]LogConfig: Setting CVar [[r.DOF.Scatter.MaxSpriteRatio:0.1         ; only a maximum of 10% of scattered bokeh]]
[2020.11.08-18.36.17:250][  0]LogConfig: Setting CVar [[r.DOF.Recombine.Quality:1                ; cheap slight out of focus]]
[2020.11.08-18.36.17:250][  0]LogConfig: Setting CVar [[r.DOF.Recombine.EnableBokehSettings:0    ; no bokeh simulation on slight out of focus]]
[2020.11.08-18.36.17:250][  0]LogConfig: Setting CVar [[r.DOF.TemporalAAQuality:1                ; more stable temporal accumulation]]
[2020.11.08-18.36.17:250][  0]LogConfig: Setting CVar [[r.DOF.Kernel.MaxForegroundRadius:0.025]]
[2020.11.08-18.36.17:250][  0]LogConfig: Setting CVar [[r.DOF.Kernel.MaxBackgroundRadius:0.025]]
[2020.11.08-18.36.17:250][  0]LogConfig: Applying CVar settings from Section [TextureQuality@3] File [D:/UE Projects/MariaKarelina/Saved/Config/Windows/Scalability.ini]
[2020.11.08-18.36.17:250][  0]LogConfig: Setting CVar [[r.Streaming.MipBias:0]]
[2020.11.08-18.36.17:250][  0]LogConfig: Setting CVar [[r.Streaming.AmortizeCPUToGPUCopy:0]]
[2020.11.08-18.36.17:250][  0]LogConfig: Setting CVar [[r.Streaming.MaxNumTexturesToStreamPerFrame:0]]
[2020.11.08-18.36.17:250][  0]LogConfig: Setting CVar [[r.Streaming.Boost:1]]
[2020.11.08-18.36.17:250][  0]LogConfig: Setting CVar [[r.MaxAnisotropy:8]]
[2020.11.08-18.36.17:250][  0]LogConfig: Setting CVar [[r.VT.MaxAnisotropy:8]]
[2020.11.08-18.36.17:250][  0]LogConfig: Setting CVar [[r.Streaming.LimitPoolSizeToVRAM:0]]
[2020.11.08-18.36.17:250][  0]LogConfig: Setting CVar [[r.Streaming.PoolSize:1000]]
[2020.11.08-18.36.17:250][  0]LogConfig: Setting CVar [[r.Streaming.MaxEffectiveScreenSize:0]]
[2020.11.08-18.36.17:250][  0]LogConfig: Applying CVar settings from Section [EffectsQuality@3] File [D:/UE Projects/MariaKarelina/Saved/Config/Windows/Scalability.ini]
[2020.11.08-18.36.17:250][  0]LogConfig: Setting CVar [[r.TranslucencyLightingVolumeDim:64]]
[2020.11.08-18.36.17:250][  0]LogConfig: Setting CVar [[r.RefractionQuality:2]]
[2020.11.08-18.36.17:250][  0]LogConfig: Setting CVar [[r.SSR.Quality:3]]
[2020.11.08-18.36.17:250][  0]LogConfig: Setting CVar [[r.SSR.HalfResSceneColor:0]]
[2020.11.08-18.36.17:250][  0]LogConfig: Setting CVar [[r.SceneColorFormat:4]]
[2020.11.08-18.36.17:250][  0]LogConfig: Setting CVar [[r.DetailMode:2]]
[2020.11.08-18.36.17:250][  0]LogConfig: Setting CVar [[r.TranslucencyVolumeBlur:1]]
[2020.11.08-18.36.17:250][  0]LogConfig: Setting CVar [[r.MaterialQualityLevel:1 ; High quality]]
[2020.11.08-18.36.17:250][  0]LogConfig: Setting CVar [[r.SSS.Scale:1]]
[2020.11.08-18.36.17:250][  0]LogConfig: Setting CVar [[r.SSS.SampleSet:2]]
[2020.11.08-18.36.17:250][  0]LogConfig: Setting CVar [[r.SSS.Quality:1]]
[2020.11.08-18.36.17:250][  0]LogConfig: Setting CVar [[r.SSS.HalfRes:0]]
[2020.11.08-18.36.17:250][  0]LogConfig: Setting CVar [[r.SSGI.Quality:3]]
[2020.11.08-18.36.17:250][  0]LogConfig: Setting CVar [[r.EmitterSpawnRateScale:1.0]]
[2020.11.08-18.36.17:250][  0]LogConfig: Setting CVar [[r.ParticleLightQuality:2]]
[2020.11.08-18.36.17:250][  0]LogConfig: Setting CVar [[r.SkyAtmosphere.AerialPerspectiveLUT.FastApplyOnOpaque:1 ; Always have FastSkyLUT 1 in this case to avoid wrong sky]]
[2020.11.08-18.36.17:250][  0]LogConfig: Setting CVar [[r.SkyAtmosphere.AerialPerspectiveLUT.SampleCountPerSlice:1]]
[2020.11.08-18.36.17:250][  0]LogConfig: Setting CVar [[r.SkyAtmosphere.AerialPerspectiveLUT.DepthResolution:16.0]]
[2020.11.08-18.36.17:250][  0]LogConfig: Setting CVar [[r.SkyAtmosphere.FastSkyLUT:1]]
[2020.11.08-18.36.17:251][  0]LogConfig: Setting CVar [[r.SkyAtmosphere.FastSkyLUT.SampleCountMin:4.0]]
[2020.11.08-18.36.17:251][  0]LogConfig: Setting CVar [[r.SkyAtmosphere.FastSkyLUT.SampleCountMax:32.0]]
[2020.11.08-18.36.17:251][  0]LogConfig: Setting CVar [[r.SkyAtmosphere.SampleCountMin:4.0]]
[2020.11.08-18.36.17:251][  0]LogConfig: Setting CVar [[r.SkyAtmosphere.SampleCountMax:32.0]]
[2020.11.08-18.36.17:251][  0]LogConfig: Setting CVar [[r.SkyAtmosphere.TransmittanceLUT.UseSmallFormat:0]]
[2020.11.08-18.36.17:251][  0]LogConfig: Setting CVar [[r.SkyAtmosphere.TransmittanceLUT.SampleCount:10.0]]
[2020.11.08-18.36.17:251][  0]LogConfig: Setting CVar [[r.SkyAtmosphere.MultiScatteringLUT.SampleCount:15.0]]
[2020.11.08-18.36.17:251][  0]LogConfig: Applying CVar settings from Section [FoliageQuality@3] File [D:/UE Projects/MariaKarelina/Saved/Config/Windows/Scalability.ini]
[2020.11.08-18.36.17:251][  0]LogConfig: Setting CVar [[foliage.DensityScale:1.0]]
[2020.11.08-18.36.17:251][  0]LogConfig: Setting CVar [[grass.DensityScale:1.0]]
[2020.11.08-18.36.17:251][  0]LogConfig: Applying CVar settings from Section [ShadingQuality@3] File [D:/UE Projects/MariaKarelina/Saved/Config/Windows/Scalability.ini]
[2020.11.08-18.36.17:251][  0]LogConfig: Setting CVar [[r.HairStrands.SkyLighting.SampleCount:16]]
[2020.11.08-18.36.17:251][  0]LogConfig: Setting CVar [[r.HairStrands.SkyLighting.JitterIntegration:0]]
[2020.11.08-18.36.17:251][  0]LogConfig: Setting CVar [[r.HairStrands.SkyAO.SampleCount:16]]
[2020.11.08-18.36.17:251][  0]LogConfig: Setting CVar [[r.HairStrands.DeepShadow.SuperSampling:0]]
[2020.11.08-18.36.17:251][  0]LogConfig: Setting CVar [[r.HairStrands.VisibilityPPLL:0]]
[2020.11.08-18.36.17:251][  0]LogConfig: Setting CVar [[r.HairStrands.RasterizationScale:0.5]]
[2020.11.08-18.36.17:251][  0]LogConfig: Setting CVar [[r.HairStrands.VelocityRasterizationScale:1]]
[2020.11.08-18.36.17:251][  0]LogConfig: Applying CVar settings from Section [Startup] File [../../../Engine/Config/ConsoleVariables.ini]
[2020.11.08-18.36.17:251][  0]LogConfig: Setting CVar [[net.UseAdaptiveNetUpdateFrequency:0]]
[2020.11.08-18.36.17:251][  0]LogConfig: Setting CVar [[p.chaos.AllowCreatePhysxBodies:1]]
[2020.11.08-18.36.17:251][  0]LogConfig: Setting CVar [[fx.SkipVectorVMBackendOptimizations:1]]
[2020.11.08-18.36.17:251][  0]LogConfig: Applying CVar settings from Section [ConsoleVariables] File [D:/UE Projects/MariaKarelina/Saved/Config/Windows/Engine.ini]
[2020.11.08-18.36.17:251][  0]LogInit: Computer: MSI
[2020.11.08-18.36.17:251][  0]LogInit: User: Maria
[2020.11.08-18.36.17:251][  0]LogInit: CPU Page size=4096, Cores=4
[2020.11.08-18.36.17:251][  0]LogInit: High frequency timer resolution =10.000000 MHz
[2020.11.08-18.36.17:252][  0]LogMemory: Memory total: Physical=15.9GB (16GB approx)
[2020.11.08-18.36.17:252][  0]LogMemory: Platform Memory Stats for Windows
[2020.11.08-18.36.17:252][  0]LogMemory: Process Physical Memory: 114.58 MB used, 114.58 MB peak
[2020.11.08-18.36.17:252][  0]LogMemory: Process Virtual Memory: 96.20 MB used, 96.20 MB peak
[2020.11.08-18.36.17:252][  0]LogMemory: Physical Memory: 9102.14 MB used,  7129.25 MB free, 16231.38 MB total
[2020.11.08-18.36.17:252][  0]LogMemory: Virtual Memory: 5143.22 MB used,  134212584.00 MB free, 134217728.00 MB total
[2020.11.08-18.36.17:452][  0]LogWindows: WindowsPlatformFeatures enabled
[2020.11.08-18.36.17:477][  0]LogInit: Physics initialised using underlying interface: PhysX
[2020.11.08-18.36.17:477][  0]LogInit: Using OS detected language (ru-RU).
[2020.11.08-18.36.17:478][  0]LogInit: Using OS detected locale (ru-RU).
[2020.11.08-18.36.17:479][  0]LogTextLocalizationManager: No specific localization for 'ru-RU' exists, so the 'ru' localization will be used.
[2020.11.08-18.36.17:479][  0]LogTextLocalizationResource: LocRes '../../../Engine/Content/Localization/Editor/ru/Editor.locres' could not be opened for reading!
[2020.11.08-18.36.17:479][  0]LogTextLocalizationResource: LocRes '../../../Engine/Content/Localization/EditorTutorials/ru/EditorTutorials.locres' could not be opened for reading!
[2020.11.08-18.36.17:479][  0]LogTextLocalizationResource: LocRes '../../../Engine/Content/Localization/Keywords/ru/Keywords.locres' could not be opened for reading!
[2020.11.08-18.36.17:479][  0]LogTextLocalizationResource: LocRes '../../../Engine/Content/Localization/Category/ru/Category.locres' could not be opened for reading!
[2020.11.08-18.36.17:479][  0]LogTextLocalizationResource: LocRes '../../../Engine/Content/Localization/ToolTips/ru/ToolTips.locres' could not be opened for reading!
[2020.11.08-18.36.17:479][  0]LogTextLocalizationResource: LocRes '../../../Engine/Content/Localization/PropertyNames/ru/PropertyNames.locres' could not be opened for reading!
[2020.11.08-18.36.17:479][  0]LogTextLocalizationResource: LocRes '../../../Engine/Content/Localization/Engine/ru/Engine.locres' could not be opened for reading!
[2020.11.08-18.36.17:480][  0]LogInit: Setting process to per monitor DPI aware
[2020.11.08-18.36.17:506][  0]LogSlate: New Slate User Created.  User Index 0, Is Virtual User: 0
[2020.11.08-18.36.17:506][  0]LogSlate: Slate User Registered.  User Index 0, Is Virtual User: 0
[2020.11.08-18.36.17:692][  0]LogHMD: Failed to initialize OpenVR with code 110
[2020.11.08-18.36.17:692][  0]LogD3D11RHI: D3D11 min allowed feature level: 11_0
[2020.11.08-18.36.17:692][  0]LogD3D11RHI: D3D11 max allowed feature level: 11_0
[2020.11.08-18.36.17:692][  0]LogD3D11RHI: D3D11 adapters:
[2020.11.08-18.36.17:764][  0]LogD3D11RHI:    0. 'NVIDIA GeForce GTX 1650' (Feature Level 11_0)
[2020.11.08-18.36.17:764][  0]LogD3D11RHI:       3962/0/8115 MB DedicatedVideo/DedicatedSystem/SharedSystem, Outputs:1, VendorId:0x10de
[2020.11.08-18.36.17:787][  0]LogD3D11RHI:    1. 'Intel(R) UHD Graphics 630' (Feature Level 11_0)
[2020.11.08-18.36.17:787][  0]LogD3D11RHI:       128/0/8115 MB DedicatedVideo/DedicatedSystem/SharedSystem, Outputs:0, VendorId:0x8086
[2020.11.08-18.36.17:789][  0]LogD3D11RHI:    2. 'Microsoft Basic Render Driver' (Feature Level 11_0)
[2020.11.08-18.36.17:789][  0]LogD3D11RHI:       0/0/8115 MB DedicatedVideo/DedicatedSystem/SharedSystem, Outputs:0, VendorId:0x1414
[2020.11.08-18.36.17:789][  0]LogD3D11RHI: Chosen D3D11 Adapter: 0
[2020.11.08-18.36.17:825][  0]LogD3D11RHI: Creating new Direct3DDevice
[2020.11.08-18.36.17:826][  0]LogD3D11RHI:     GPU DeviceId: 0x1f91 (for the marketing name, search the web for "GPU Device Id")
[2020.11.08-18.36.17:826][  0]LogWindows: EnumDisplayDevices:
[2020.11.08-18.36.17:826][  0]LogWindows:    0. 'Intel(R) UHD Graphics 630' (P:1 D:1)
[2020.11.08-18.36.17:826][  0]LogWindows:    1. 'Intel(R) UHD Graphics 630' (P:0 D:0)
[2020.11.08-18.36.17:826][  0]LogWindows:    2. 'Intel(R) UHD Graphics 630' (P:0 D:0)
[2020.11.08-18.36.17:826][  0]LogWindows: DebugString: PrimaryIsNotTheChoosenAdapter PrimaryIsNotTheChoosenAdapter PrimaryIsNotTheChoosenAdapter FoundDriverCount:0 
[2020.11.08-18.36.17:826][  0]LogD3D11RHI:     Adapter Name: NVIDIA GeForce GTX 1650
[2020.11.08-18.36.17:826][  0]LogD3D11RHI:   Driver Version: Unknown (internal:Unknown, unified:Unknown)
[2020.11.08-18.36.17:826][  0]LogD3D11RHI:      Driver Date: Unknown
[2020.11.08-18.36.17:826][  0]LogRHI: Texture pool is 2773 MB (70% of 3962 MB)
[2020.11.08-18.36.17:866][  0]LogD3D11RHI: RHI has support for 64 bit atomics
[2020.11.08-18.36.17:867][  0]LogD3D11RHI: [Aftermath] Enabled and primed
[2020.11.08-18.36.17:867][  0]LogD3D11RHI: Async texture creation enabled
[2020.11.08-18.36.17:867][  0]LogD3D11RHI: Array index from any shader is supported
[2020.11.08-18.36.17:886][  0]LogD3D11RHI: GPU Timing Frequency: 1000.000000 (Debug: 2 2)
[2020.11.08-18.36.18:144][  0]LogTargetPlatformManager: Display: Loaded TargetPlatform 'AllDesktop'
[2020.11.08-18.36.18:162][  0]LogTargetPlatformManager: Display: Loaded TargetPlatform 'Android'
[2020.11.08-18.36.18:162][  0]LogTargetPlatformManager: Display: Loaded TargetPlatform 'Android_ASTC'
[2020.11.08-18.36.18:162][  0]LogTargetPlatformManager: Display: Loaded TargetPlatform 'Android_DXT'
[2020.11.08-18.36.18:162][  0]LogTargetPlatformManager: Display: Loaded TargetPlatform 'Android_ETC2'
[2020.11.08-18.36.18:162][  0]LogTargetPlatformManager: Display: Loaded TargetPlatform 'AndroidClient'
[2020.11.08-18.36.18:162][  0]LogTargetPlatformManager: Display: Loaded TargetPlatform 'Android_ASTCClient'
[2020.11.08-18.36.18:162][  0]LogTargetPlatformManager: Display: Loaded TargetPlatform 'Android_DXTClient'
[2020.11.08-18.36.18:162][  0]LogTargetPlatformManager: Display: Loaded TargetPlatform 'Android_ETC2Client'
[2020.11.08-18.36.18:162][  0]LogTargetPlatformManager: Display: Loaded TargetPlatform 'Android_Multi'
[2020.11.08-18.36.18:162][  0]LogTargetPlatformManager: Display: Loaded TargetPlatform 'Android_MultiClient'
[2020.11.08-18.36.18:180][  0]LogTargetPlatformManager: Display: Loaded TargetPlatform 'IOSClient'
[2020.11.08-18.36.18:181][  0]LogTargetPlatformManager: Display: Loaded TargetPlatform 'IOS'
[2020.11.08-18.36.18:188][  0]LogTargetPlatformManager: Display: Loaded TargetPlatform 'Linux'
[2020.11.08-18.36.18:196][  0]LogTargetPlatformManager: Display: Loaded TargetPlatform 'LinuxNoEditor'
[2020.11.08-18.36.18:203][  0]LogTargetPlatformManager: Display: Loaded TargetPlatform 'LinuxClient'
[2020.11.08-18.36.18:210][  0]LogTargetPlatformManager: Display: Loaded TargetPlatform 'LinuxServer'
[2020.11.08-18.36.18:218][  0]LogTargetPlatformManager: Display: Loaded TargetPlatform 'LinuxAArch64NoEditor'
[2020.11.08-18.36.18:225][  0]LogTargetPlatformManager: Display: Loaded TargetPlatform 'LinuxAArch64Client'
[2020.11.08-18.36.18:233][  0]LogTargetPlatformManager: Display: Loaded TargetPlatform 'LinuxAArch64Server'
[2020.11.08-18.36.18:253][  0]LogTargetPlatformManager: Display: Loaded TargetPlatform 'Lumin'
[2020.11.08-18.36.18:253][  0]LogTargetPlatformManager: Display: Loaded TargetPlatform 'LuminClient'
[2020.11.08-18.36.18:265][  0]LogTargetPlatformManager: Display: Loaded TargetPlatform 'TVOSClient'
[2020.11.08-18.36.18:265][  0]LogTargetPlatformManager: Display: Loaded TargetPlatform 'TVOS'
[2020.11.08-18.36.18:272][  0]LogTargetPlatformManager: Display: Loaded TargetPlatform 'WindowsNoEditor'
[2020.11.08-18.36.18:279][  0]LogTargetPlatformManager: Display: Loaded TargetPlatform 'Windows'
[2020.11.08-18.36.18:286][  0]LogTargetPlatformManager: Display: Loaded TargetPlatform 'WindowsClient'
[2020.11.08-18.36.18:293][  0]LogTargetPlatformManager: Display: Loaded TargetPlatform 'WindowsServer'
[2020.11.08-18.36.18:293][  0]LogTargetPlatformManager: Display: Building Assets For Windows
[2020.11.08-18.36.18:298][  0]LogAudioDebug: Display: Lib vorbis DLL was dynamically loaded.
[2020.11.08-18.36.18:342][  0]LogShaderCompilers: Guid format shader working directory is 5 characters bigger than the processId version (../../../../../UE Projects/MariaKarelina/Intermediate/Shaders/WorkingDirectory/17860/).
[2020.11.08-18.36.18:342][  0]LogShaderCompilers: Cleaned the shader compiler working directory 'C:/Users/janeg/AppData/Local/Temp/UnrealShaderWorkingDir/519576FA4C22E3C16DF965A3D0D3C7FA/'.
[2020.11.08-18.36.18:343][  0]LogXGEController: Cannot use XGE Controller as Incredibuild is not installed on this machine.
[2020.11.08-18.36.18:343][  0]LogShaderCompilers: Cannot use XGE Shader Compiler as Incredibuild is not installed on this machine.
[2020.11.08-18.36.18:343][  0]LogShaderCompilers: Display: Using Local Shader Compiler.
[2020.11.08-18.36.18:984][  0]LogDerivedDataCache: Display: Max Cache Size: 512 MB
[2020.11.08-18.36.19:027][  0]LogDerivedDataCache: Loaded boot cache 0.04s 76MB C:/Users/janeg/AppData/Local/UnrealEngine/4.25/DerivedDataCache/Boot.ddc.
[2020.11.08-18.36.19:027][  0]LogDerivedDataCache: Display: Loaded Boot cache: C:/Users/janeg/AppData/Local/UnrealEngine/4.25/DerivedDataCache/Boot.ddc
[2020.11.08-18.36.19:046][  0]LogDerivedDataCache: FDerivedDataBackendGraph:  Pak pak cache file ../../../../../UE Projects/MariaKarelina/DerivedDataCache/DDC.ddp not found, will not use a pak cache.
[2020.11.08-18.36.19:046][  0]LogDerivedDataCache: Unable to find inner node Pak for hierarchical cache Hierarchy.
[2020.11.08-18.36.19:046][  0]LogDerivedDataCache: FDerivedDataBackendGraph:  CompressedPak pak cache file ../../../../../UE Projects/MariaKarelina/DerivedDataCache/Compressed.ddp not found, will not use a pak cache.
[2020.11.08-18.36.19:046][  0]LogDerivedDataCache: Unable to find inner node CompressedPak for hierarchical cache Hierarchy.
[2020.11.08-18.36.19:054][  0]LogDerivedDataCache: Display: Pak cache opened for reading ../../../Engine/DerivedDataCache/Compressed.ddp.
[2020.11.08-18.36.19:055][  0]LogDerivedDataCache: FDerivedDataBackendGraph:  EnterprisePak pak cache file ../../../Enterprise/DerivedDataCache/Compressed.ddp not found, will not use a pak cache.
[2020.11.08-18.36.19:055][  0]LogDerivedDataCache: Unable to find inner node EnterprisePak for hierarchical cache Hierarchy.
[2020.11.08-18.36.19:056][  0]LogDerivedDataCache: Using Local data cache path C:/Users/janeg/AppData/Local/UnrealEngine/Common/DerivedDataCache: Writable
[2020.11.08-18.36.19:056][  0]LogDerivedDataCache: Shared data cache path not found in *engine.ini, will not use an Shared cache.
[2020.11.08-18.36.19:056][  0]LogDerivedDataCache: Unable to find inner node Shared for hierarchical cache Hierarchy.
[2020.11.08-18.36.19:101][  0]LogSlate: Using FreeType 2.10.0
[2020.11.08-18.36.19:101][  0]LogSlate: SlateFontServices - WITH_FREETYPE: 1, WITH_HARFBUZZ: 1
[2020.11.08-18.36.19:122][  0]LogAssetRegistry: FAssetRegistry took 0.0022 seconds to start up
[2020.11.08-18.36.19:311][  0]LogInit: Selected Device Profile: [Windows]
[2020.11.08-18.36.19:454][  0]LogMeshReduction: Using QuadricMeshReduction for automatic static mesh reduction
[2020.11.08-18.36.19:454][  0]LogMeshReduction: Using SimplygonMeshReduction for automatic skeletal mesh reduction
[2020.11.08-18.36.19:454][  0]LogMeshReduction: Using ProxyLODMeshReduction for automatic mesh merging
[2020.11.08-18.36.19:454][  0]LogMeshReduction: No distributed automatic mesh merging module available
[2020.11.08-18.36.19:454][  0]LogMeshMerging: No distributed automatic mesh merging module available
[2020.11.08-18.36.19:465][  0]LogNetVersion: MariaKarelina 1.0.0, NetCL: 13144385, EngineNetVer: 14, GameNetVer: 0 (Checksum: 1521319331)
[2020.11.08-18.36.19:828][  0]LogAISub: UAISubsystem::UAISubsystem AISubsystem (000002BB391EE6C0), frame # 0
[2020.11.08-18.36.19:828][  0]LogAISub: UAISubsystem::UAISubsystem AIPerceptionSystem (000002BB3916EAC0), frame # 0
[2020.11.08-18.36.19:829][  0]LogAISub: UAISubsystem::UAISubsystem EnvQueryManager (000002BB391C1E00), frame # 0
[2020.11.08-18.36.20:234][  0]LogPackageLocalizationCache: Processed 19 localized package path(s) for 1 prioritized culture(s) in 0.399837 seconds
[2020.11.08-18.36.20:251][  0]LogUObjectArray: 15917 objects as part of root set at end of initial load.
[2020.11.08-18.36.20:251][  0]LogUObjectAllocator: 3965568 out of 0 bytes used by permanent object pool.
[2020.11.08-18.36.20:251][  0]LogUObjectArray: CloseDisregardForGC: 0/0 objects in disregard for GC pool
[2020.11.08-18.36.20:618][  0]LogTcpMessaging: Initializing TcpMessaging bridge
[2020.11.08-18.36.20:622][  0]LogUdpMessaging: Initializing bridge on interface 0.0.0.0:0 to multicast group 230.0.0.1:6666.
[2020.11.08-18.36.20:695][  0]SourceControl: Source control is disabled
[2020.11.08-18.36.20:695][  0]SourceControl: Source control is disabled
[2020.11.08-18.36.20:698][  0]SourceControl: Source control is disabled
[2020.11.08-18.36.20:701][  0]SourceControl: Source control is disabled
[2020.11.08-18.36.20:706][  0]SourceControl: Source control is disabled
[2020.11.08-18.36.20:717][  0]LogVSAccessor: Display: Unable to create Visual Studio setup instance: 80040154
[2020.11.08-18.36.20:718][  0]LogVSAccessor: Display: Unable to create Visual Studio setup instance: 80040154
[2020.11.08-18.36.20:889][  0]LogAndroidPermission: UAndroidPermissionCallbackProxy::GetInstance
[2020.11.08-18.36.20:905][  0]LogAudioCaptureCore: Display: No Audio Capture implementations found. Audio input will be silent.
[2020.11.08-18.36.20:905][  0]LogAudioCaptureCore: Display: No Audio Capture implementations found. Audio input will be silent.
[2020.11.08-18.36.20:942][  0]LogOcInput: OculusInput pre-init called
[2020.11.08-18.36.20:950][  0]LogWindows: Failed to load 'OVRPlugin.dll' (GetLastError=126)
[2020.11.08-18.36.20:950][  0]LogWindows: File 'OVRPlugin.dll' does not exist
[2020.11.08-18.36.21:000][  0]LogEngine: Initializing Engine...
[2020.11.08-18.36.21:001][  0]LogHMD: Failed to initialize OpenVR with code 110
[2020.11.08-18.36.21:001][  0]LogMagicLeap: Warning: VR disabled because ZI is not enabled.  To enable, in the editor, Edit -> Project Settings -> Plugins -> Magic Leap Plugin -> Enable Zero Iteration
[2020.11.08-18.36.21:001][  0]LogStats: UGameplayTagsManager::InitializeManager -  0.000 s
[2020.11.08-18.36.21:097][  0]LogInit: Initializing FReadOnlyCVARCache
[2020.11.08-18.36.21:105][  0]LogAIModule: Creating AISystem for world Untitled
[2020.11.08-18.36.21:105][  0]LogAISub: UAISubsystem::UAISubsystem EnvQueryManager (000002BB42807C00), frame # 0
[2020.11.08-18.36.21:105][  0]LogAISub: UAISubsystem::UAISubsystem AIPerceptionSystem (000002BB4285A980), frame # 0
[2020.11.08-18.36.21:110][  0]LogAudioMixer: Display: Audio Mixer Platform Settings:
[2020.11.08-18.36.21:110][  0]LogAudioMixer: Display: 	Sample Rate:						  48000
[2020.11.08-18.36.21:110][  0]LogAudioMixer: Display: 	Callback Buffer Frame Size Requested: 1024
[2020.11.08-18.36.21:110][  0]LogAudioMixer: Display: 	Callback Buffer Frame Size To Use:	  1024
[2020.11.08-18.36.21:110][  0]LogAudioMixer: Display: 	Number of buffers to queue:			  2
[2020.11.08-18.36.21:110][  0]LogAudioMixer: Display: 	Max Channels (voices):				  32
[2020.11.08-18.36.21:110][  0]LogAudioMixer: Display: 	Number of Async Source Workers:		  0
[2020.11.08-18.36.21:110][  0]LogAudio: Display: AudioDevice MaxSources: 32
[2020.11.08-18.36.21:110][  0]LogAudio: Display: Using built-in audio occlusion.
[2020.11.08-18.36.21:110][  0]LogAudioMixer: Display: Initializing audio mixer.
[2020.11.08-18.36.21:213][  0]LogAudioMixer: Display: 0: FrontLeft
[2020.11.08-18.36.21:213][  0]LogAudioMixer: Display: 1: FrontRight
[2020.11.08-18.36.21:213][  0]LogAudioMixer: Display: 2: FrontCenter
[2020.11.08-18.36.21:213][  0]LogAudioMixer: Display: 3: LowFrequency
[2020.11.08-18.36.21:213][  0]LogAudioMixer: Display: 4: BackLeft
[2020.11.08-18.36.21:213][  0]LogAudioMixer: Display: 5: BackRight
[2020.11.08-18.36.21:213][  0]LogAudioMixer: Display: 6: SideLeft
[2020.11.08-18.36.21:213][  0]LogAudioMixer: Display: 7: SideRight
[2020.11.08-18.36.21:464][  0]LogAudioMixer: Display: Using Audio Device Динамики (Realtek(R) Audio)
[2020.11.08-18.36.21:466][  0]LogAudioMixer: Display: Initializing Sound Submixes...
[2020.11.08-18.36.21:468][  0]LogAudioMixer: Display: Creating Master Submix 'MasterSubmixDefault'
[2020.11.08-18.36.21:468][  0]LogAudioMixer: Display: Creating Master Submix 'MasterReverbSubmixDefault'
[2020.11.08-18.36.21:469][  0]LogAudioMixer: Display: Creating Master Submix 'MasterEQSubmixDefault'
[2020.11.08-18.36.21:470][  0]LogInit: FAudioDevice initialized.
[2020.11.08-18.36.21:470][  0]LogNetVersion: Set ProjectVersion to 1.0.0.0. Version Checksum will be recalculated on next use.
[2020.11.08-18.36.21:532][  0]LogDerivedDataCache: Saved boot cache 0.06s 76MB C:/Users/janeg/AppData/Local/UnrealEngine/4.25/DerivedDataCache/Boot.ddc.
[2020.11.08-18.36.21:536][  0]LogInit: Texture streaming: Enabled
[2020.11.08-18.36.21:549][  0]LogEngineSessionManager: EngineSessionManager initialized
[2020.11.08-18.36.21:549][  0]LogEditorSessionSummary: Verbose: Initializing EditorSessionSummaryWriter for editor session tracking
[2020.11.08-18.36.21:551][  0]LogEditorSessionSummary: EditorSessionSummaryWriter initialized
[2020.11.08-18.36.21:615][  0]LogInit: Transaction tracking system initialized
[2020.11.08-18.36.21:632][  0]BlueprintLog: New page: Editor Load
[2020.11.08-18.36.21:699][  0]LocalizationService: Localization service is disabled
[2020.11.08-18.36.21:763][  0]LogVSAccessor: Display: Unable to create Visual Studio setup instance: 80040154
[2020.11.08-18.36.21:764][  0]LogVSAccessor: Display: Unable to create Visual Studio setup instance: 80040154
[2020.11.08-18.36.21:910][  0]LogCook: Display: Max memory allowance for cook 16384mb min free memory 0mb
[2020.11.08-18.36.21:910][  0]LogCook: Display: Mobile HDR setting 1
[2020.11.08-18.36.22:043][  0]LogFileCache: Scanning file cache for directory 'D:/UE Projects/MariaKarelina/Content/' took 0.05s
[2020.11.08-18.36.22:218][  0]SourceControl: Source control is disabled
[2020.11.08-18.36.22:218][  0]LogUnrealEdMisc: Loading editor; pre map load, took 7.482
[2020.11.08-18.36.22:218][  0]Cmd: MAP LOAD FILE="../../../../../UE Projects/MariaKarelina/Content/Levels/NewMap.umap" TEMPLATE=0 SHOWPROGRESS=1 FEATURELEVEL=3
[2020.11.08-18.36.22:218][  0]LightingResults: New page: Lighting Build
[2020.11.08-18.36.22:219][  0]LogWorld: UWorld::CleanupWorld for Untitled, bSessionEnded=true, bCleanupResources=true
[2020.11.08-18.36.22:219][  0]LogSlate: InvalidateAllWidgets triggered.  All widgets were invalidated
[2020.11.08-18.36.22:219][  0]MapCheck: New page: Map Check
[2020.11.08-18.36.22:219][  0]LightingResults: New page: Lighting Build
[2020.11.08-18.36.22:227][  0]LogAISub: UAISubsystem::~UAISubsystem EnvQueryManager (000002BB42807C00), frame # 0
[2020.11.08-18.36.22:227][  0]LogAISub: UAISubsystem::~UAISubsystem AIPerceptionSystem (000002BB4285A980), frame # 0
[2020.11.08-18.36.22:228][  0]LogUObjectHash: Compacting FUObjectHashTables data took   0.54ms
[2020.11.08-18.36.29:625][  0]LogAIModule: Creating AISystem for world NewMap
[2020.11.08-18.36.29:625][  0]LogAISub: UAISubsystem::UAISubsystem EnvQueryManager (000002BB41974400), frame # 0
[2020.11.08-18.36.29:625][  0]LogAISub: UAISubsystem::UAISubsystem AIPerceptionSystem (000002BB40E8FB00), frame # 0
[2020.11.08-18.36.29:853][  0]LogEditorServer: Finished looking for orphan Actors (0.000 secs)
[2020.11.08-18.36.29:893][  0]LogUObjectHash: Compacting FUObjectHashTables data took   0.80ms
[2020.11.08-18.36.29:894][  0]Cmd: MAP CHECKDEP NOCLEARLOG
[2020.11.08-18.36.29:894][  0]MapCheck: Map check complete: 0 Error(s), 0 Warning(s), took 0,083ms to complete.
[2020.11.08-18.36.29:894][  0]LogFileHelpers: Loading map 'NewMap' took 7.675
[2020.11.08-18.36.29:907][  0]LogUnrealEdMisc: Total Editor Startup Time, took 15.170
[2020.11.08-18.36.30:509][  0]LogSlate: Updating window title bar state: overlay mode, drag disabled, window buttons hidden, title bar hidden
[2020.11.08-18.36.30:520][  0]LogSlate: Updating window title bar state: overlay mode, drag disabled, window buttons hidden, title bar hidden
[2020.11.08-18.36.30:530][  0]LogSlate: Updating window title bar state: overlay mode, drag disabled, window buttons hidden, title bar hidden
[2020.11.08-18.36.30:539][  0]LogSlate: Updating window title bar state: overlay mode, drag disabled, window buttons hidden, title bar hidden
[2020.11.08-18.36.30:617][  0]LogCollectionManager: Loaded 0 collections in 0.013027 seconds
[2020.11.08-18.36.30:817][  0]LogFileCache: Scanning file cache for directory 'D:/UE Projects/MariaKarelina/Saved/Collections/' took 0.00s
[2020.11.08-18.36.30:817][  0]LogFileCache: Scanning file cache for directory 'D:/UE Projects/MariaKarelina/Content/Developers/Maria/Collections/' took 0.00s
[2020.11.08-18.36.30:817][  0]LogFileCache: Scanning file cache for directory 'D:/UE Projects/MariaKarelina/Content/Collections/' took 0.00s
[2020.11.08-18.36.30:817][  0]LogContentBrowser: Native class hierarchy populated in 0.0130 seconds. Added 3427 classes and 821 folders.
[2020.11.08-18.36.30:855][  0]LogContentBrowser: Native class hierarchy updated for 'WidgetCarousel' in 0.0003 seconds. Added 0 classes and 0 folders.
[2020.11.08-18.36.32:825][  0]LogContentBrowser: Native class hierarchy updated for 'AddContentDialog' in 0.0002 seconds. Added 0 classes and 0 folders.
[2020.11.08-18.36.32:904][  0]LogContentBrowser: Native class hierarchy updated for 'SceneOutliner' in 0.0004 seconds. Added 2 classes and 0 folders.
[2020.11.08-18.36.33:485][  0]LogSlate: Took 0.000130 seconds to synchronously load lazily loaded font '../../../Engine/Content/Slate/Fonts/Roboto-Regular.ttf' (155K)
[2020.11.08-18.36.33:494][  0]LogSlate: Took 0.000236 seconds to synchronously load lazily loaded font '../../../Engine/Content/Slate/Fonts/Roboto-Bold.ttf' (160K)
[2020.11.08-18.36.33:539][  0]LogSlate: Took 0.017741 seconds to synchronously load lazily loaded font '../../../Engine/Content/Editor/Slate/Fonts/FontAwesome.ttf' (139K)
[2020.11.08-18.36.34:214][  0]LogRenderer: Reallocating scene render targets to support 908x468 Format 10 NumSamples 1 (Frame:1).
[2020.11.08-18.36.34:692][  0]LogContentBrowser: Native class hierarchy updated for 'HierarchicalLODOutliner' in 0.0004 seconds. Added 0 classes and 0 folders.
[2020.11.08-18.36.34:693][  0]LogLoad: (Engine Initialization) Total time: 19.96 seconds
[2020.11.08-18.36.34:693][  0]LogLoad: (Engine Initialization) Total Blueprint compile time: 0.00 seconds
[2020.11.08-18.36.34:766][  0]LogAssetRegistry: Asset discovery search completed in 15.6441 seconds
[2020.11.08-18.36.34:769][  0]LogCollectionManager: Fixed up redirectors for 0 collections in 0.000002 seconds (updated 0 objects)
[2020.11.08-18.36.34:836][  0]LogContentStreaming: Texture pool size now 1000 MB
[2020.11.08-18.36.34:907][  0]LogSlate: Took 0.017500 seconds to synchronously load lazily loaded font '../../../Engine/Content/Slate/Fonts/Roboto-Light.ttf' (167K)
[2020.11.08-18.36.35:139][  1]LogEditorViewport: Clicking on Actor (LMB): StaticMeshActor (Floor_400x400)
[2020.11.08-18.36.36:629][  3]LogSlate: Took 0.000116 seconds to synchronously load lazily loaded font '../../../Engine/Content/Slate/Fonts/Roboto-Light.ttf' (167K)
[2020.11.08-18.37.07:491][812]LogEditorViewport: Clicking on Actor (LMB): Bot_C (Bot)
[2020.11.08-18.37.08:415][819]LogEditorViewport: Clicking on Actor (LMB): Bot_C (Bot)
[2020.11.08-18.37.12:549][ 52]LogAssetEditorSubsystem: Opening Asset editor for Blueprint /Game/AnimStarterPack/Bot.Bot
[2020.11.08-18.37.13:891][ 52]LogContentBrowser: Native class hierarchy updated for 'BlueprintGraph' in 0.0007 seconds. Added 125 classes and 0 folders.
[2020.11.08-18.37.16:632][ 52]LogSlate: Took 0.000262 seconds to synchronously load lazily loaded font '../../../Engine/Content/Slate/Fonts/Roboto-BoldCondensed.ttf' (158K)
[2020.11.08-18.37.20:199][225]LogSlate: Took 0.149932 seconds to synchronously load lazily loaded font '../../../Engine/Content/Slate/Fonts/Roboto-Italic.ttf' (157K)
[2020.11.08-18.37.31:271][837]LogAssetEditorSubsystem: Opening Asset editor for Blueprint /Game/Standard/StarterContent/Blueprints/Platform.Platform
[2020.11.08-18.37.31:638][837]LogAssetEditorSubsystem: Opening Asset editor for Blueprint /Game/Standard/FirstPerson/FPWeapon/Mesh/SK_FPGun_PhysicsAsset_Blueprint.SK_FPGun_PhysicsAsset_Blueprint
[2020.11.08-18.37.31:973][837]LogAssetEditorSubsystem: Opening Asset editor for Blueprint /Game/Standard/StarterContent/Props/SM_Door_Blueprint.SM_Door_Blueprint
[2020.11.08-18.37.32:322][837]LogAssetEditorSubsystem: Opening Asset editor for WidgetBlueprint /Game/Standard/FirstPersonBP/Blueprints/Act.Act
[2020.11.08-18.37.33:405][837]LogAssetEditorSubsystem: Opening Asset editor for Blueprint /Game/AnimStarterPack/Ue4ASP_Character.Ue4ASP_Character
[2020.11.08-18.37.33:738][837]LogAssetEditorSubsystem: Opening Asset editor for Blueprint /Game/AnimStarterPack/AI_Controller_ASP.AI_Controller_ASP
[2020.11.08-18.37.34:063][837]LogAssetEditorSubsystem: Opening Asset editor for BlackboardData /Game/AnimStarterPack/BB_Bot.BB_Bot
[2020.11.08-18.37.34:305][837]LogAssetEditorSubsystem: Opening Asset editor for BehaviorTree /Game/AnimStarterPack/BT_Bot.BT_Bot
[2020.11.08-18.37.34:405][837]LogAssetEditorSubsystem: Opening Asset editor for Blueprint /Game/AnimStarterPack/BTService_SetRandomLocation.BTService_SetRandomLocation
[2020.11.08-18.37.40:754][119]LogWorld: UWorld::CleanupWorld for World_11, bSessionEnded=true, bCleanupResources=true
[2020.11.08-18.37.40:754][119]LogSlate: InvalidateAllWidgets triggered.  All widgets were invalidated
[2020.11.08-18.37.40:759][119]LogWorld: UWorld::CleanupWorld for World_10, bSessionEnded=true, bCleanupResources=true
[2020.11.08-18.37.40:759][119]LogSlate: InvalidateAllWidgets triggered.  All widgets were invalidated
[2020.11.08-18.37.42:627][218]LogWorld: UWorld::CleanupWorld for World_9, bSessionEnded=true, bCleanupResources=true
[2020.11.08-18.37.42:627][218]LogSlate: InvalidateAllWidgets triggered.  All widgets were invalidated
[2020.11.08-18.42.37:850][528]LogWindowsTextInputMethodSystem: Display: IME system now deactivated.
[2020.11.08-18.42.37:850][528]LogWindowsTextInputMethodSystem: Display: IME system now deactivated.
[2020.11.08-18.44.28:205][828]Cmd: OBJ SAVEPACKAGE PACKAGE="/Game/AnimStarterPack/AI_Controller_ASP" FILE="../../../../../UE Projects/MariaKarelina/Content/AnimStarterPack/AI_Controller_ASP.uasset" SILENT=true
[2020.11.08-18.44.29:048][828]LogSavePackage: Moving '../../../../../UE Projects/MariaKarelina/Saved/AI_Controller_ASP9B4F26D441662981EB460C87F0699567.tmp' to '../../../../../UE Projects/MariaKarelina/Content/AnimStarterPack/AI_Controller_ASP.uasset'
[2020.11.08-18.44.29:089][828]AssetCheck: New page: Asset Save: AI_Controller_ASP
[2020.11.08-18.44.29:089][828]LogContentValidation: Display: Validating Blueprint /Game/AnimStarterPack/AI_Controller_ASP.AI_Controller_ASP
[2020.11.08-18.44.30:001][883]BlueprintLog: New page: Compile AI_Controller_ASP
[2020.11.08-18.44.30:078][883]LogUObjectHash: Compacting FUObjectHashTables data took   3.21ms
[2020.11.08-18.44.30:271][883]LogSlate: Took 0.160764 seconds to synchronously load lazily loaded font '../../../Engine/Content/Slate/Fonts/DroidSansMono.ttf' (77K)
[2020.11.08-18.44.50:099][140]LogTemp: Repeating last play command: Standalone Game
[2020.11.08-18.44.50:147][140]LogUObjectHash: Compacting FUObjectHashTables data took   2.49ms
[2020.11.08-18.44.53:282][140]LogSlate: Window 'Save Content' being destroyed
[2020.11.08-18.44.53:312][140]Cmd: OBJ SAVEPACKAGE PACKAGE="/Game/AnimStarterPack/BT_Bot" FILE="../../../../../UE Projects/MariaKarelina/Content/AnimStarterPack/BT_Bot.uasset" SILENT=true
[2020.11.08-18.44.53:328][140]LogSavePackage: Moving '../../../../../UE Projects/MariaKarelina/Saved/BT_Bot0CA313B84D842A0C4CFE4A9DBC14656E.tmp' to '../../../../../UE Projects/MariaKarelina/Content/AnimStarterPack/BT_Bot.uasset'
[2020.11.08-18.44.53:399][141]AssetCheck: New page: Asset Save: BT_Bot
[2020.11.08-18.44.53:399][141]LogContentValidation: Display: Validating BehaviorTree /Game/AnimStarterPack/BT_Bot.BT_Bot
[2020.11.08-18.46.32:281][468]LogTemp: Repeating last play command: Standalone Game
[2020.11.08-18.46.32:332][468]LogUObjectHash: Compacting FUObjectHashTables data took   0.47ms
[2020.11.08-18.49.27:891][481]LogSlate: Prevented a slow task dialog from being summoned while a context menu was open
[2020.11.08-18.50.31:275][288]LogUObjectHash: Compacting FUObjectHashTables data took   2.26ms
[2020.11.08-18.50.31:279][288]LogFileHelpers: Editor autosave (incl. sublevels) for '/Game/Levels/NewMap' took 0.036
[2020.11.08-18.50.31:382][288]OBJ SavePackage: Generating thumbnails for [0] asset(s) in package [/Game/AnimStarterPack/BB_Bot] ([1] browsable assets)...
[2020.11.08-18.50.31:382][288]OBJ SavePackage: Finished generating thumbnails for package [/Game/AnimStarterPack/BB_Bot]
[2020.11.08-18.50.31:382][288]Cmd: OBJ SAVEPACKAGE PACKAGE="/Game/AnimStarterPack/BB_Bot" FILE="../../../../../UE Projects/MariaKarelina/Saved/Autosaves/Game/AnimStarterPack/BB_Bot_Auto1.uasset" SILENT=false AUTOSAVING=true
[2020.11.08-18.50.31:399][288]LogSavePackage: Moving '../../../../../UE Projects/MariaKarelina/Saved/BB_Bot_Auto13BDF745643A3A277B764D0B641778888.tmp' to '../../../../../UE Projects/MariaKarelina/Saved/Autosaves/Game/AnimStarterPack/BB_Bot_Auto1.uasset'
[2020.11.08-18.50.31:425][288]LogFileHelpers: Auto-saving content packages took 0.145
[2020.11.08-18.50.37:204][432]Cmd: OBJ SAVEPACKAGE PACKAGE="/Game/AnimStarterPack/BB_Bot" FILE="../../../../../UE Projects/MariaKarelina/Content/AnimStarterPack/BB_Bot.uasset" SILENT=true
[2020.11.08-18.50.37:216][432]LogSavePackage: Moving '../../../../../UE Projects/MariaKarelina/Saved/BB_Bot2A20557048725B5404BFF39C70FAC6BB.tmp' to '../../../../../UE Projects/MariaKarelina/Content/AnimStarterPack/BB_Bot.uasset'
[2020.11.08-18.50.37:229][432]AssetCheck: New page: Asset Save: BB_Bot
[2020.11.08-18.50.37:229][432]LogContentValidation: Display: Validating BlackboardData /Game/AnimStarterPack/BB_Bot.BB_Bot
[2020.11.08-18.57.16:200][380]LogSlate: Took 0.029512 seconds to synchronously load lazily loaded font '../../../Engine/Content/Slate/Fonts/Roboto-BoldCondensedItalic.ttf' (160K)
[2020.11.08-19.00.39:855][794]LogUObjectHash: Compacting FUObjectHashTables data took   2.85ms
[2020.11.08-19.00.39:858][794]LogFileHelpers: Editor autosave (incl. sublevels) for '/Game/Levels/NewMap' took 0.040
[2020.11.08-19.00.39:859][794]OBJ SavePackage: Generating thumbnails for [0] asset(s) in package [/Game/AnimStarterPack/AI_Controller_ASP] ([1] browsable assets)...
[2020.11.08-19.00.39:859][794]OBJ SavePackage: Finished generating thumbnails for package [/Game/AnimStarterPack/AI_Controller_ASP]
[2020.11.08-19.00.40:223][794]LogSavePackage: Moving '../../../../../UE Projects/MariaKarelina/Saved/AI_Controller_ASP_Auto2BCF06E5B4213FF670B74C7A47163AFEB.tmp' to '../../../../../UE Projects/MariaKarelina/Saved/Autosaves/Game/AnimStarterPack/AI_Controller_ASP_Auto2.uasset'
[2020.11.08-19.00.40:224][794]LogFileHelpers: Auto-saving content packages took 0.365
[2020.11.08-19.02.47:131][998]Cmd: OBJ SAVEPACKAGE PACKAGE="/Game/AnimStarterPack/AI_Controller_ASP" FILE="../../../../../UE Projects/MariaKarelina/Content/AnimStarterPack/AI_Controller_ASP.uasset" SILENT=true
[2020.11.08-19.02.47:221][998]LogSavePackage: Moving '../../../../../UE Projects/MariaKarelina/Saved/AI_Controller_ASPE68CBF65440C67AAA8225488A336A236.tmp' to '../../../../../UE Projects/MariaKarelina/Content/AnimStarterPack/AI_Controller_ASP.uasset'
[2020.11.08-19.02.47:255][998]AssetCheck: New page: Asset Save: AI_Controller_ASP
[2020.11.08-19.02.47:255][998]LogContentValidation: Display: Validating Blueprint /Game/AnimStarterPack/AI_Controller_ASP.AI_Controller_ASP
[2020.11.08-19.02.47:618][ 19]BlueprintLog: New page: Compile AI_Controller_ASP
[2020.11.08-19.02.47:671][ 19]LogUObjectHash: Compacting FUObjectHashTables data took   2.43ms
[2020.11.08-19.02.58:855][678]Cmd: OBJ SAVEPACKAGE PACKAGE="/Game/AnimStarterPack/AI_Controller_ASP" FILE="../../../../../UE Projects/MariaKarelina/Content/AnimStarterPack/AI_Controller_ASP.uasset" SILENT=true
[2020.11.08-19.02.58:873][678]LogSavePackage: Moving '../../../../../UE Projects/MariaKarelina/Saved/AI_Controller_ASP61B8073C4632E6CE276240ADE76DE299.tmp' to '../../../../../UE Projects/MariaKarelina/Content/AnimStarterPack/AI_Controller_ASP.uasset'
[2020.11.08-19.02.58:885][678]AssetCheck: New page: Asset Save: AI_Controller_ASP
[2020.11.08-19.02.58:885][678]LogContentValidation: Display: Validating Blueprint /Game/AnimStarterPack/AI_Controller_ASP.AI_Controller_ASP
[2020.11.08-19.04.03:046][408]Cmd: OBJ SAVEPACKAGE PACKAGE="/Game/AnimStarterPack/BT_Bot" FILE="../../../../../UE Projects/MariaKarelina/Content/AnimStarterPack/BT_Bot.uasset" SILENT=true
[2020.11.08-19.04.03:064][408]LogSavePackage: Moving '../../../../../UE Projects/MariaKarelina/Saved/BT_Bot4FAF5F7145A426DEB91531993CFC101F.tmp' to '../../../../../UE Projects/MariaKarelina/Content/AnimStarterPack/BT_Bot.uasset'
[2020.11.08-19.04.03:076][408]AssetCheck: New page: Asset Save: BT_Bot
[2020.11.08-19.04.03:076][408]LogContentValidation: Display: Validating BehaviorTree /Game/AnimStarterPack/BT_Bot.BT_Bot
[2020.11.08-19.04.07:624][681]LogTemp: Repeating last play command: Standalone Game
[2020.11.08-19.04.07:675][681]LogUObjectHash: Compacting FUObjectHashTables data took   2.63ms
[2020.11.08-19.09.06:683][458]LogSlate: Warning: Slate: Had to block on waiting for a draw buffer
[2020.11.08-19.09.19:787][458]LogSlate: Window 'Pick Parent Class' being destroyed
[2020.11.08-19.09.30:215][ 66]LogPackageName: SearchForPackageOnDisk took   0.000s, but failed to resolve /Game/AnimStarterPack/BT_Attack.
[2020.11.08-19.09.39:898][268]LogAssetEditorSubsystem: Opening Asset editor for Blueprint /Game/AnimStarterPack/BT_Attack.BT_Attack
[2020.11.08-19.10.18:315][395]Cmd: OBJ SAVEPACKAGE PACKAGE="/Game/AnimStarterPack/BT_Attack" FILE="../../../../../UE Projects/MariaKarelina/Content/AnimStarterPack/BT_Attack.uasset" SILENT=true
[2020.11.08-19.10.18:323][395]LogSavePackage: Moving '../../../../../UE Projects/MariaKarelina/Saved/BT_Attack71C635F0485747813FE74FAD5D4F1400.tmp' to '../../../../../UE Projects/MariaKarelina/Content/AnimStarterPack/BT_Attack.uasset'
[2020.11.08-19.10.18:332][395]LogPackageName: SearchForPackageOnDisk took   0.000s to resolve /Game/AnimStarterPack/BT_Attack.
[2020.11.08-19.10.18:339][395]AssetCheck: New page: Asset Save: BT_Attack
[2020.11.08-19.10.18:339][395]LogContentValidation: Display: Validating Blueprint /Game/AnimStarterPack/BT_Attack.BT_Attack
[2020.11.08-19.10.19:183][446]BlueprintLog: New page: Compile BT_Attack
[2020.11.08-19.10.19:224][446]LogUObjectHash: Compacting FUObjectHashTables data took   3.17ms
[2020.11.08-19.10.59:762][555]Cmd: OBJ SAVEPACKAGE PACKAGE="/Game/AnimStarterPack/AI_Controller_ASP" FILE="../../../../../UE Projects/MariaKarelina/Content/AnimStarterPack/AI_Controller_ASP.uasset" SILENT=true
[2020.11.08-19.10.59:802][555]LogSavePackage: Moving '../../../../../UE Projects/MariaKarelina/Saved/AI_Controller_ASPD1B2EB6E4499DD075954769BA5CF5899.tmp' to '../../../../../UE Projects/MariaKarelina/Content/AnimStarterPack/AI_Controller_ASP.uasset'
[2020.11.08-19.10.59:814][555]AssetCheck: New page: Asset Save: AI_Controller_ASP
[2020.11.08-19.10.59:814][555]LogContentValidation: Display: Validating Blueprint /Game/AnimStarterPack/AI_Controller_ASP.AI_Controller_ASP
[2020.11.08-19.11.47:143][178]BlueprintLog: New page: Compile AI_Controller_ASP
[2020.11.08-19.11.47:197][178]LogUObjectHash: Compacting FUObjectHashTables data took   2.82ms
[2020.11.08-19.11.49:913][337]Cmd: OBJ SAVEPACKAGE PACKAGE="/Game/AnimStarterPack/AI_Controller_ASP" FILE="../../../../../UE Projects/MariaKarelina/Content/AnimStarterPack/AI_Controller_ASP.uasset" SILENT=true
[2020.11.08-19.11.49:943][337]LogSavePackage: Moving '../../../../../UE Projects/MariaKarelina/Saved/AI_Controller_ASPC52A0D614E8A1EEABF94E7B9072E498D.tmp' to '../../../../../UE Projects/MariaKarelina/Content/AnimStarterPack/AI_Controller_ASP.uasset'
[2020.11.08-19.11.49:954][337]AssetCheck: New page: Asset Save: AI_Controller_ASP
[2020.11.08-19.11.49:954][337]LogContentValidation: Display: Validating Blueprint /Game/AnimStarterPack/AI_Controller_ASP.AI_Controller_ASP
[2020.11.08-19.12.15:470][845]Cmd: OBJ SAVEPACKAGE PACKAGE="/Game/AnimStarterPack/BT_Attack" FILE="../../../../../UE Projects/MariaKarelina/Content/AnimStarterPack/BT_Attack.uasset" SILENT=true
[2020.11.08-19.12.15:488][845]LogSavePackage: Moving '../../../../../UE Projects/MariaKarelina/Saved/BT_AttackF38684BC422920F3FA7B2098931F60F1.tmp' to '../../../../../UE Projects/MariaKarelina/Content/AnimStarterPack/BT_Attack.uasset'
[2020.11.08-19.12.15:500][845]AssetCheck: New page: Asset Save: BT_Attack
[2020.11.08-19.12.15:500][845]LogContentValidation: Display: Validating Blueprint /Game/AnimStarterPack/BT_Attack.BT_Attack
[2020.11.08-19.12.15:846][866]BlueprintLog: New page: Compile BT_Attack
[2020.11.08-19.12.15:882][866]LogUObjectHash: Compacting FUObjectHashTables data took   2.93ms
[2020.11.08-19.13.16:105][435]Cmd: OBJ SAVEPACKAGE PACKAGE="/Game/AnimStarterPack/BT_Attack" FILE="../../../../../UE Projects/MariaKarelina/Content/AnimStarterPack/BT_Attack.uasset" SILENT=true
[2020.11.08-19.13.16:219][435]LogSavePackage: Moving '../../../../../UE Projects/MariaKarelina/Saved/BT_Attack4988BDBC4FAA9F269BB96C86F9B86960.tmp' to '../../../../../UE Projects/MariaKarelina/Content/AnimStarterPack/BT_Attack.uasset'
[2020.11.08-19.13.16:234][435]AssetCheck: New page: Asset Save: BT_Attack
[2020.11.08-19.13.16:234][435]LogContentValidation: Display: Validating Blueprint /Game/AnimStarterPack/BT_Attack.BT_Attack
[2020.11.08-19.13.16:529][453]BlueprintLog: New page: Compile BT_Attack
[2020.11.08-19.13.16:567][453]LogUObjectHash: Compacting FUObjectHashTables data took   2.89ms
[2020.11.08-19.15.06:258][609]Cmd: OBJ SAVEPACKAGE PACKAGE="/Game/AnimStarterPack/BT_Bot" FILE="../../../../../UE Projects/MariaKarelina/Content/AnimStarterPack/BT_Bot.uasset" SILENT=true
[2020.11.08-19.15.06:275][609]LogSavePackage: Moving '../../../../../UE Projects/MariaKarelina/Saved/BT_Bot5C00E8D24D57BDF2C7B378834A512E6C.tmp' to '../../../../../UE Projects/MariaKarelina/Content/AnimStarterPack/BT_Bot.uasset'
[2020.11.08-19.15.06:288][609]AssetCheck: New page: Asset Save: BT_Bot
[2020.11.08-19.15.06:288][609]LogContentValidation: Display: Validating BehaviorTree /Game/AnimStarterPack/BT_Bot.BT_Bot
[2020.11.08-19.19.55:351][836]Cmd: OBJ SAVEPACKAGE PACKAGE="/Game/AnimStarterPack/BT_Bot" FILE="../../../../../UE Projects/MariaKarelina/Content/AnimStarterPack/BT_Bot.uasset" SILENT=true
[2020.11.08-19.19.55:712][836]LogSavePackage: Moving '../../../../../UE Projects/MariaKarelina/Saved/BT_BotEA65B784473047E2E011EEBA6D55A154.tmp' to '../../../../../UE Projects/MariaKarelina/Content/AnimStarterPack/BT_Bot.uasset'
[2020.11.08-19.19.55:758][836]AssetCheck: New page: Asset Save: BT_Bot
[2020.11.08-19.19.55:758][836]LogContentValidation: Display: Validating BehaviorTree /Game/AnimStarterPack/BT_Bot.BT_Bot
[2020.11.08-19.20.21:144][314]LogRenderer: Reallocating scene render targets to support 912x536 Format 10 NumSamples 1 (Frame:1).
[2020.11.08-19.20.29:854][804]LogEditorViewport: Clicking on Actor (LMB): Bot_C (Bot)
[2020.11.08-19.21.55:518][785]Cmd: OBJ SAVEPACKAGE PACKAGE="/Game/AnimStarterPack/Bot" FILE="../../../../../UE Projects/MariaKarelina/Content/AnimStarterPack/Bot.uasset" SILENT=true
[2020.11.08-19.21.55:549][785]LogSavePackage: Moving '../../../../../UE Projects/MariaKarelina/Saved/BotB1E3AC5D4815FB08D27B0D936F1C2108.tmp' to '../../../../../UE Projects/MariaKarelina/Content/AnimStarterPack/Bot.uasset'
[2020.11.08-19.21.55:562][785]AssetCheck: New page: Asset Save: Bot
[2020.11.08-19.21.55:562][785]LogContentValidation: Display: Validating Blueprint /Game/AnimStarterPack/Bot.Bot
[2020.11.08-19.21.55:962][809]BlueprintLog: New page: Compile Bot
[2020.11.08-19.21.56:120][809]LogUObjectHash: Compacting FUObjectHashTables data took   3.01ms
[2020.11.08-19.21.58:819][967]LogTemp: Repeating last play command: Standalone Game
[2020.11.08-19.21.58:869][967]LogUObjectHash: Compacting FUObjectHashTables data took   2.44ms
[2020.11.08-19.21.59:829][967]LogSlate: Window 'Save Content' being destroyed
[2020.11.08-19.21.59:865][967]Cmd: OBJ SAVEPACKAGE PACKAGE="/Game/Levels/NewMap" FILE="../../../../../UE Projects/MariaKarelina/Content/Levels/NewMap.umap" SILENT=true AUTOSAVING=false KEEPDIRTY=false
[2020.11.08-19.22.00:054][967]LogUObjectHash: Compacting FUObjectHashTables data took   0.56ms
[2020.11.08-19.22.00:197][967]LogSavePackage: Moving '../../../../../UE Projects/MariaKarelina/Saved/NewMap52545B714C4FE1D1AB3FEA889944D03C.tmp' to '../../../../../UE Projects/MariaKarelina/Content/Levels/NewMap.umap'
[2020.11.08-19.22.00:285][967]LogFileHelpers: Saving map 'NewMap' took 0.420
[2020.11.08-19.22.00:285][967]Cmd: OBJ SAVEPACKAGE PACKAGE="/Game/Levels/NewMap_BuiltData" FILE="../../../../../UE Projects/MariaKarelina/Content/Levels/NewMap_BuiltData.uasset" SILENT=true
[2020.11.08-19.22.00:400][967]LogSavePackage: Moving '../../../../../UE Projects/MariaKarelina/Saved/NewMap_BuiltData82D88EF24A123F7ADFFC8A90FE5ABAF4.tmp' to '../../../../../UE Projects/MariaKarelina/Content/Levels/NewMap_BuiltData.uasset'
[2020.11.08-19.22.00:441][968]AssetCheck: New page: Asset Save: multiple assets
[2020.11.08-19.22.00:441][968]LogContentValidation: Display: Validating World /Game/Levels/NewMap.NewMap
[2020.11.08-19.22.00:441][968]LogContentValidation: Display: Validating MapBuildDataRegistry /Game/Levels/NewMap_BuiltData.NewMap_BuiltData
[2020.11.08-19.22.57:108][847]Cmd: OBJ SAVEPACKAGE PACKAGE="/Game/AnimStarterPack/Bot" FILE="../../../../../UE Projects/MariaKarelina/Content/AnimStarterPack/Bot.uasset" SILENT=true
[2020.11.08-19.22.57:133][847]LogSavePackage: Moving '../../../../../UE Projects/MariaKarelina/Saved/BotCC4A92FA4546D74449038DB165982532.tmp' to '../../../../../UE Projects/MariaKarelina/Content/AnimStarterPack/Bot.uasset'
[2020.11.08-19.22.57:145][847]AssetCheck: New page: Asset Save: Bot
[2020.11.08-19.22.57:145][847]LogContentValidation: Display: Validating Blueprint /Game/AnimStarterPack/Bot.Bot
[2020.11.08-19.22.57:579][873]BlueprintLog: New page: Compile Bot
[2020.11.08-19.22.57:755][873]LogUObjectHash: Compacting FUObjectHashTables data took   2.60ms
[2020.11.08-19.23.17:863][ 56]Cmd: OBJ SAVEPACKAGE PACKAGE="/Game/AnimStarterPack/Bot" FILE="../../../../../UE Projects/MariaKarelina/Content/AnimStarterPack/Bot.uasset" SILENT=true
[2020.11.08-19.23.17:889][ 56]LogSavePackage: Moving '../../../../../UE Projects/MariaKarelina/Saved/Bot5C0B72FA44F41CC1DC39F49929D3AB8D.tmp' to '../../../../../UE Projects/MariaKarelina/Content/AnimStarterPack/Bot.uasset'
[2020.11.08-19.23.17:901][ 56]AssetCheck: New page: Asset Save: Bot
[2020.11.08-19.23.17:901][ 56]LogContentValidation: Display: Validating Blueprint /Game/AnimStarterPack/Bot.Bot
[2020.11.08-19.23.18:219][ 75]BlueprintLog: New page: Compile Bot
[2020.11.08-19.23.18:221][ 75]LogBlueprint: Warning: [Compiler Bot] 'Ue 4ASP Character' does not inherit from 'Primitive Component' ( Cast To Ue4ASP_Character  would always fail).
[2020.11.08-19.23.18:401][ 75]LogUObjectHash: Compacting FUObjectHashTables data took   2.98ms
[2020.11.08-19.23.28:836][692]BlueprintLog: New page: Compile Bot
[2020.11.08-19.23.29:012][692]LogUObjectHash: Compacting FUObjectHashTables data took   4.04ms
[2020.11.08-19.23.51:161][  5]LogSlate: Prevented a slow task dialog from being summoned while a context menu was open
[2020.11.08-19.23.55:218][228]Cmd: OBJ SAVEPACKAGE PACKAGE="/Game/AnimStarterPack/Bot" FILE="../../../../../UE Projects/MariaKarelina/Content/AnimStarterPack/Bot.uasset" SILENT=true
[2020.11.08-19.23.55:247][228]LogSavePackage: Moving '../../../../../UE Projects/MariaKarelina/Saved/Bot20D272124848B11C6CBEFDA49AC5CED4.tmp' to '../../../../../UE Projects/MariaKarelina/Content/AnimStarterPack/Bot.uasset'
[2020.11.08-19.23.55:261][228]AssetCheck: New page: Asset Save: Bot
[2020.11.08-19.23.55:261][228]LogContentValidation: Display: Validating Blueprint /Game/AnimStarterPack/Bot.Bot
[2020.11.08-19.24.03:800][737]LogTemp: Repeating last play command: Standalone Game
[2020.11.08-19.24.03:863][737]LogUObjectHash: Compacting FUObjectHashTables data took   3.09ms
[2020.11.08-19.24.05:139][737]LogSlate: Window 'Save Content' being destroyed
[2020.11.08-19.24.05:172][737]Cmd: OBJ SAVEPACKAGE PACKAGE="/Game/Levels/NewMap" FILE="../../../../../UE Projects/MariaKarelina/Content/Levels/NewMap.umap" SILENT=true AUTOSAVING=false KEEPDIRTY=false
[2020.11.08-19.24.05:207][737]LogUObjectHash: Compacting FUObjectHashTables data took   0.65ms
[2020.11.08-19.24.05:352][737]LogSavePackage: Moving '../../../../../UE Projects/MariaKarelina/Saved/NewMap618E6D9B4310C390B057D683853F4405.tmp' to '../../../../../UE Projects/MariaKarelina/Content/Levels/NewMap.umap'
[2020.11.08-19.24.05:393][737]LogFileHelpers: Saving map 'NewMap' took 0.221
[2020.11.08-19.24.05:393][737]Cmd: OBJ SAVEPACKAGE PACKAGE="/Game/Levels/NewMap_BuiltData" FILE="../../../../../UE Projects/MariaKarelina/Content/Levels/NewMap_BuiltData.uasset" SILENT=true
[2020.11.08-19.24.05:468][737]LogSavePackage: Moving '../../../../../UE Projects/MariaKarelina/Saved/NewMap_BuiltData0CA832A84F370D8D5B2700A9C51CC9CE.tmp' to '../../../../../UE Projects/MariaKarelina/Content/Levels/NewMap_BuiltData.uasset'
[2020.11.08-19.24.05:509][738]AssetCheck: New page: Asset Save: multiple assets
[2020.11.08-19.24.05:509][738]LogContentValidation: Display: Validating World /Game/Levels/NewMap.NewMap
[2020.11.08-19.24.05:509][738]LogContentValidation: Display: Validating MapBuildDataRegistry /Game/Levels/NewMap_BuiltData.NewMap_BuiltData
[2020.11.08-19.25.00:543][989]Cmd: OBJ SAVEPACKAGE PACKAGE="/Game/AnimStarterPack/Bot" FILE="../../../../../UE Projects/MariaKarelina/Content/AnimStarterPack/Bot.uasset" SILENT=true
[2020.11.08-19.25.00:574][989]LogSavePackage: Moving '../../../../../UE Projects/MariaKarelina/Saved/Bot270182634AC0C547CEABF8A22ADE3726.tmp' to '../../../../../UE Projects/MariaKarelina/Content/AnimStarterPack/Bot.uasset'
[2020.11.08-19.25.00:591][989]AssetCheck: New page: Asset Save: Bot
[2020.11.08-19.25.00:591][989]LogContentValidation: Display: Validating Blueprint /Game/AnimStarterPack/Bot.Bot
[2020.11.08-19.25.01:133][ 20]BlueprintLog: New page: Compile Bot
[2020.11.08-19.25.01:322][ 20]LogUObjectHash: Compacting FUObjectHashTables data took   2.63ms
[2020.11.08-19.25.31:635][745]Cmd: OBJ SAVEPACKAGE PACKAGE="/Game/AnimStarterPack/Bot" FILE="../../../../../UE Projects/MariaKarelina/Content/AnimStarterPack/Bot.uasset" SILENT=true
[2020.11.08-19.25.31:664][745]LogSavePackage: Moving '../../../../../UE Projects/MariaKarelina/Saved/Bot79171A5E425A745A8403FF965CB9D7ED.tmp' to '../../../../../UE Projects/MariaKarelina/Content/AnimStarterPack/Bot.uasset'
[2020.11.08-19.25.31:679][745]AssetCheck: New page: Asset Save: Bot
[2020.11.08-19.25.31:679][745]LogContentValidation: Display: Validating Blueprint /Game/AnimStarterPack/Bot.Bot
[2020.11.08-19.25.32:074][768]BlueprintLog: New page: Compile Bot
[2020.11.08-19.25.32:283][768]LogUObjectHash: Compacting FUObjectHashTables data took   3.29ms
[2020.11.08-19.25.33:169][816]LogTemp: Repeating last play command: Standalone Game
[2020.11.08-19.25.33:240][816]LogUObjectHash: Compacting FUObjectHashTables data took   3.61ms
[2020.11.08-19.25.34:326][816]LogSlate: Window 'Save Content' being destroyed
[2020.11.08-19.25.34:363][816]Cmd: OBJ SAVEPACKAGE PACKAGE="/Game/Levels/NewMap" FILE="../../../../../UE Projects/MariaKarelina/Content/Levels/NewMap.umap" SILENT=true AUTOSAVING=false KEEPDIRTY=false
[2020.11.08-19.25.34:399][816]LogUObjectHash: Compacting FUObjectHashTables data took   0.72ms
[2020.11.08-19.25.34:447][816]LogSavePackage: Moving '../../../../../UE Projects/MariaKarelina/Saved/NewMap4B0502124A51199F8F45A8B53B119C58.tmp' to '../../../../../UE Projects/MariaKarelina/Content/Levels/NewMap.umap'
[2020.11.08-19.25.34:488][816]LogFileHelpers: Saving map 'NewMap' took 0.125
[2020.11.08-19.25.34:489][816]Cmd: OBJ SAVEPACKAGE PACKAGE="/Game/Levels/NewMap_BuiltData" FILE="../../../../../UE Projects/MariaKarelina/Content/Levels/NewMap_BuiltData.uasset" SILENT=true
[2020.11.08-19.25.34:562][816]LogSavePackage: Moving '../../../../../UE Projects/MariaKarelina/Saved/NewMap_BuiltData08C76CCD4BE22ED19E8DB0B4D7A728E8.tmp' to '../../../../../UE Projects/MariaKarelina/Content/Levels/NewMap_BuiltData.uasset'
[2020.11.08-19.25.34:616][817]AssetCheck: New page: Asset Save: multiple assets
[2020.11.08-19.25.34:616][817]LogContentValidation: Display: Validating World /Game/Levels/NewMap.NewMap
[2020.11.08-19.25.34:616][817]LogContentValidation: Display: Validating MapBuildDataRegistry /Game/Levels/NewMap_BuiltData.NewMap_BuiltData
[2020.11.08-19.26.27:682][245]Cmd: OBJ SAVEPACKAGE PACKAGE="/Game/AnimStarterPack/Bot" FILE="../../../../../UE Projects/MariaKarelina/Content/AnimStarterPack/Bot.uasset" SILENT=true
[2020.11.08-19.26.27:713][245]LogSavePackage: Moving '../../../../../UE Projects/MariaKarelina/Saved/Bot2BF885AB4EBEAE0550E79CB681163CE9.tmp' to '../../../../../UE Projects/MariaKarelina/Content/AnimStarterPack/Bot.uasset'
[2020.11.08-19.26.27:728][245]AssetCheck: New page: Asset Save: Bot
[2020.11.08-19.26.27:728][245]LogContentValidation: Display: Validating Blueprint /Game/AnimStarterPack/Bot.Bot
[2020.11.08-19.26.28:589][294]BlueprintLog: New page: Compile Bot
[2020.11.08-19.26.28:594][294]LogBlueprint: Error: [Compiler Bot] The type of  Object  is undetermined.  Connect something to  Cast To Ue4ASP_Character  to imply a specific type.
[2020.11.08-19.26.28:594][294]LogBlueprint: Error: [Compiler Bot] The current value of the ' Object ' pin is invalid: Unsupported type Wildcard on pin Object
[2020.11.08-19.26.28:788][294]LogUObjectHash: Compacting FUObjectHashTables data took   3.60ms
[2020.11.08-19.26.41:692][ 50]Cmd: OBJ SAVEPACKAGE PACKAGE="/Game/AnimStarterPack/Bot" FILE="../../../../../UE Projects/MariaKarelina/Content/AnimStarterPack/Bot.uasset" SILENT=true
[2020.11.08-19.26.41:717][ 50]LogSavePackage: Moving '../../../../../UE Projects/MariaKarelina/Saved/BotE3659CB34F53E80FF971B8B380E551AD.tmp' to '../../../../../UE Projects/MariaKarelina/Content/AnimStarterPack/Bot.uasset'
[2020.11.08-19.26.41:731][ 50]AssetCheck: New page: Asset Save: Bot
[2020.11.08-19.26.41:731][ 50]LogContentValidation: Display: Validating Blueprint /Game/AnimStarterPack/Bot.Bot
[2020.11.08-19.26.42:024][ 67]BlueprintLog: New page: Compile Bot
[2020.11.08-19.26.42:221][ 67]LogUObjectHash: Compacting FUObjectHashTables data took   3.84ms
[2020.11.08-19.26.44:582][199]LogTemp: Repeating last play command: Standalone Game
[2020.11.08-19.26.44:646][199]LogUObjectHash: Compacting FUObjectHashTables data took   3.52ms
[2020.11.08-19.26.45:655][199]LogSlate: Window 'Save Content' being destroyed
[2020.11.08-19.26.45:695][199]Cmd: OBJ SAVEPACKAGE PACKAGE="/Game/Levels/NewMap" FILE="../../../../../UE Projects/MariaKarelina/Content/Levels/NewMap.umap" SILENT=true AUTOSAVING=false KEEPDIRTY=false
[2020.11.08-19.26.45:733][199]LogUObjectHash: Compacting FUObjectHashTables data took   0.96ms
[2020.11.08-19.26.45:784][199]LogSavePackage: Moving '../../../../../UE Projects/MariaKarelina/Saved/NewMap3338B8E041A2742805F1228CAE0E7FC6.tmp' to '../../../../../UE Projects/MariaKarelina/Content/Levels/NewMap.umap'
[2020.11.08-19.26.45:826][199]LogFileHelpers: Saving map 'NewMap' took 0.132
[2020.11.08-19.26.45:826][199]Cmd: OBJ SAVEPACKAGE PACKAGE="/Game/Levels/NewMap_BuiltData" FILE="../../../../../UE Projects/MariaKarelina/Content/Levels/NewMap_BuiltData.uasset" SILENT=true
[2020.11.08-19.26.45:899][199]LogSavePackage: Moving '../../../../../UE Projects/MariaKarelina/Saved/NewMap_BuiltDataBC7DB8B344E9BDCF4A396AB558E47E51.tmp' to '../../../../../UE Projects/MariaKarelina/Content/Levels/NewMap_BuiltData.uasset'
[2020.11.08-19.26.45:945][200]AssetCheck: New page: Asset Save: multiple assets
[2020.11.08-19.26.45:945][200]LogContentValidation: Display: Validating World /Game/Levels/NewMap.NewMap
[2020.11.08-19.26.45:945][200]LogContentValidation: Display: Validating MapBuildDataRegistry /Game/Levels/NewMap_BuiltData.NewMap_BuiltData
[2020.11.08-19.28.13:578][465]Cmd: OBJ SAVEPACKAGE PACKAGE="/Game/AnimStarterPack/Bot" FILE="../../../../../UE Projects/MariaKarelina/Content/AnimStarterPack/Bot.uasset" SILENT=true
[2020.11.08-19.28.13:619][465]LogSavePackage: Moving '../../../../../UE Projects/MariaKarelina/Saved/Bot9B2AA4B74B09667AE81BD4804B09AAA1.tmp' to '../../../../../UE Projects/MariaKarelina/Content/AnimStarterPack/Bot.uasset'
[2020.11.08-19.28.13:635][465]AssetCheck: New page: Asset Save: Bot
[2020.11.08-19.28.13:635][465]LogContentValidation: Display: Validating Blueprint /Game/AnimStarterPack/Bot.Bot
[2020.11.08-19.29.00:414][824]Cmd: OBJ SAVEPACKAGE PACKAGE="/Game/AnimStarterPack/Bot" FILE="../../../../../UE Projects/MariaKarelina/Content/AnimStarterPack/Bot.uasset" SILENT=true
[2020.11.08-19.29.00:451][824]LogSavePackage: Moving '../../../../../UE Projects/MariaKarelina/Saved/BotD6BB0C0941F420B0CFB5C798C3992513.tmp' to '../../../../../UE Projects/MariaKarelina/Content/AnimStarterPack/Bot.uasset'
[2020.11.08-19.29.00:466][824]AssetCheck: New page: Asset Save: Bot
[2020.11.08-19.29.00:467][824]LogContentValidation: Display: Validating Blueprint /Game/AnimStarterPack/Bot.Bot
[2020.11.08-19.29.00:773][840]BlueprintLog: New page: Compile Bot
[2020.11.08-19.29.01:003][840]LogUObjectHash: Compacting FUObjectHashTables data took   4.14ms
[2020.11.08-19.29.02:027][893]LogTemp: Repeating last play command: Standalone Game
[2020.11.08-19.29.02:108][893]LogUObjectHash: Compacting FUObjectHashTables data took   3.77ms
[2020.11.08-19.29.04:392][893]LogSlate: Window 'Save Content' being destroyed
[2020.11.08-19.29.04:424][893]Cmd: OBJ SAVEPACKAGE PACKAGE="/Game/Levels/NewMap" FILE="../../../../../UE Projects/MariaKarelina/Content/Levels/NewMap.umap" SILENT=true AUTOSAVING=false KEEPDIRTY=false
[2020.11.08-19.29.04:461][893]LogUObjectHash: Compacting FUObjectHashTables data took   0.62ms
[2020.11.08-19.29.04:508][893]LogSavePackage: Moving '../../../../../UE Projects/MariaKarelina/Saved/NewMapA303E5A24AB29B104620DE90023463EC.tmp' to '../../../../../UE Projects/MariaKarelina/Content/Levels/NewMap.umap'
[2020.11.08-19.29.04:553][893]LogFileHelpers: Saving map 'NewMap' took 0.129
[2020.11.08-19.29.04:553][893]Cmd: OBJ SAVEPACKAGE PACKAGE="/Game/Levels/NewMap_BuiltData" FILE="../../../../../UE Projects/MariaKarelina/Content/Levels/NewMap_BuiltData.uasset" SILENT=true
[2020.11.08-19.29.04:629][893]LogSavePackage: Moving '../../../../../UE Projects/MariaKarelina/Saved/NewMap_BuiltData1CDB210B4BF2494D56B72887F43AB386.tmp' to '../../../../../UE Projects/MariaKarelina/Content/Levels/NewMap_BuiltData.uasset'
[2020.11.08-19.29.04:672][894]AssetCheck: New page: Asset Save: multiple assets
[2020.11.08-19.29.04:672][894]LogContentValidation: Display: Validating World /Game/Levels/NewMap.NewMap
[2020.11.08-19.29.04:672][894]LogContentValidation: Display: Validating MapBuildDataRegistry /Game/Levels/NewMap_BuiltData.NewMap_BuiltData
[2020.11.08-19.30.33:591][657]Cmd: OBJ SAVEPACKAGE PACKAGE="/Game/AnimStarterPack/Bot" FILE="../../../../../UE Projects/MariaKarelina/Content/AnimStarterPack/Bot.uasset" SILENT=true
[2020.11.08-19.30.33:625][657]LogSavePackage: Moving '../../../../../UE Projects/MariaKarelina/Saved/Bot3F6F0BDE4DAC715858F4268E5BED94F4.tmp' to '../../../../../UE Projects/MariaKarelina/Content/AnimStarterPack/Bot.uasset'
[2020.11.08-19.30.33:646][657]AssetCheck: New page: Asset Save: Bot
[2020.11.08-19.30.33:646][657]LogContentValidation: Display: Validating Blueprint /Game/AnimStarterPack/Bot.Bot
[2020.11.08-19.30.35:122][728]BlueprintLog: New page: Compile Bot
[2020.11.08-19.30.35:348][728]LogUObjectHash: Compacting FUObjectHashTables data took   3.71ms
[2020.11.08-19.30.56:087][764]Cmd: OBJ SAVEPACKAGE PACKAGE="/Game/AnimStarterPack/Bot" FILE="../../../../../UE Projects/MariaKarelina/Content/AnimStarterPack/Bot.uasset" SILENT=true
[2020.11.08-19.30.56:120][764]LogSavePackage: Moving '../../../../../UE Projects/MariaKarelina/Saved/BotEDDDB3A649A231E09C5314A93CD3CF82.tmp' to '../../../../../UE Projects/MariaKarelina/Content/AnimStarterPack/Bot.uasset'
[2020.11.08-19.30.56:136][764]AssetCheck: New page: Asset Save: Bot
[2020.11.08-19.30.56:136][764]LogContentValidation: Display: Validating Blueprint /Game/AnimStarterPack/Bot.Bot
[2020.11.08-19.30.56:525][785]BlueprintLog: New page: Compile Bot
[2020.11.08-19.30.56:743][785]LogUObjectHash: Compacting FUObjectHashTables data took   4.26ms
[2020.11.08-19.31.49:928][648]Cmd: OBJ SAVEPACKAGE PACKAGE="/Game/AnimStarterPack/Bot" FILE="../../../../../UE Projects/MariaKarelina/Content/AnimStarterPack/Bot.uasset" SILENT=true
[2020.11.08-19.31.49:957][648]LogSavePackage: Moving '../../../../../UE Projects/MariaKarelina/Saved/Bot57DE1E324FA3823EF9E57EBAD3060903.tmp' to '../../../../../UE Projects/MariaKarelina/Content/AnimStarterPack/Bot.uasset'
[2020.11.08-19.31.49:973][648]AssetCheck: New page: Asset Save: Bot
[2020.11.08-19.31.49:973][648]LogContentValidation: Display: Validating Blueprint /Game/AnimStarterPack/Bot.Bot
[2020.11.08-19.31.50:254][664]BlueprintLog: New page: Compile Bot
[2020.11.08-19.31.50:463][664]LogUObjectHash: Compacting FUObjectHashTables data took   4.48ms
[2020.11.08-19.31.54:436][873]LogTemp: Repeating last play command: Standalone Game
[2020.11.08-19.31.54:505][873]LogUObjectHash: Compacting FUObjectHashTables data took   3.14ms
[2020.11.08-19.31.55:696][873]LogSlate: Window 'Save Content' being destroyed
[2020.11.08-19.31.55:728][873]Cmd: OBJ SAVEPACKAGE PACKAGE="/Game/Levels/NewMap" FILE="../../../../../UE Projects/MariaKarelina/Content/Levels/NewMap.umap" SILENT=true AUTOSAVING=false KEEPDIRTY=false
[2020.11.08-19.31.55:765][873]LogUObjectHash: Compacting FUObjectHashTables data took   0.55ms
[2020.11.08-19.31.55:814][873]LogSavePackage: Moving '../../../../../UE Projects/MariaKarelina/Saved/NewMapECA5BD07400A05FD05F2C99CF0580429.tmp' to '../../../../../UE Projects/MariaKarelina/Content/Levels/NewMap.umap'
[2020.11.08-19.31.55:856][873]LogFileHelpers: Saving map 'NewMap' took 0.127
[2020.11.08-19.31.55:856][873]Cmd: OBJ SAVEPACKAGE PACKAGE="/Game/Levels/NewMap_BuiltData" FILE="../../../../../UE Projects/MariaKarelina/Content/Levels/NewMap_BuiltData.uasset" SILENT=true
[2020.11.08-19.31.55:935][873]LogSavePackage: Moving '../../../../../UE Projects/MariaKarelina/Saved/NewMap_BuiltDataE23ECC2D40CDE049099EA0BA79C373CE.tmp' to '../../../../../UE Projects/MariaKarelina/Content/Levels/NewMap_BuiltData.uasset'
[2020.11.08-19.31.55:980][874]AssetCheck: New page: Asset Save: multiple assets
[2020.11.08-19.31.55:980][874]LogContentValidation: Display: Validating World /Game/Levels/NewMap.NewMap
[2020.11.08-19.31.55:980][874]LogContentValidation: Display: Validating MapBuildDataRegistry /Game/Levels/NewMap_BuiltData.NewMap_BuiltData
[2020.11.08-19.32.36:573][350]Cmd: OBJ SAVEPACKAGE PACKAGE="/Game/AnimStarterPack/Bot" FILE="../../../../../UE Projects/MariaKarelina/Content/AnimStarterPack/Bot.uasset" SILENT=true
[2020.11.08-19.32.36:612][350]LogSavePackage: Moving '../../../../../UE Projects/MariaKarelina/Saved/BotCC069CB140A235219B9CB3A77A45D606.tmp' to '../../../../../UE Projects/MariaKarelina/Content/AnimStarterPack/Bot.uasset'
[2020.11.08-19.32.36:630][350]AssetCheck: New page: Asset Save: Bot
[2020.11.08-19.32.36:630][350]LogContentValidation: Display: Validating Blueprint /Game/AnimStarterPack/Bot.Bot
[2020.11.08-19.32.37:084][373]BlueprintLog: New page: Compile Bot
[2020.11.08-19.32.37:293][373]LogUObjectHash: Compacting FUObjectHashTables data took   3.96ms
[2020.11.08-19.33.08:422][636]Cmd: OBJ SAVEPACKAGE PACKAGE="/Game/AnimStarterPack/AI_Controller_ASP" FILE="../../../../../UE Projects/MariaKarelina/Content/AnimStarterPack/AI_Controller_ASP.uasset" SILENT=true
[2020.11.08-19.33.08:454][636]LogSavePackage: Moving '../../../../../UE Projects/MariaKarelina/Saved/AI_Controller_ASPCF7BE09346BD6D10F3FE7E931E5FE032.tmp' to '../../../../../UE Projects/MariaKarelina/Content/AnimStarterPack/AI_Controller_ASP.uasset'
[2020.11.08-19.33.08:471][636]AssetCheck: New page: Asset Save: AI_Controller_ASP
[2020.11.08-19.33.08:471][636]LogContentValidation: Display: Validating Blueprint /Game/AnimStarterPack/AI_Controller_ASP.AI_Controller_ASP
[2020.11.08-19.33.08:774][652]BlueprintLog: New page: Compile AI_Controller_ASP
[2020.11.08-19.33.08:851][652]LogUObjectHash: Compacting FUObjectHashTables data took   4.31ms
